#
# There is insufficient memory for the Java Runtime Environment to continue.
# Native memory allocation (malloc) failed to allocate 1340176 bytes for Chunk::new
# Possible reasons:
#   The system is out of physical RAM or swap space
#   The process is running with CompressedOops enabled, and the Java Heap may be blocking the growth of the native heap
# Possible solutions:
#   Reduce memory load on the system
#   Increase physical memory or swap space
#   Check if swap backing store is full
#   Decrease Java heap size (-Xmx/-Xms)
#   Decrease number of Java threads
#   Decrease Java thread stack sizes (-Xss)
#   Set larger code cache with -XX:ReservedCodeCacheSize=
#   JVM is running with Unscaled Compressed Oops mode in which the Java heap is
#     placed in the first 4GB address space. The Java Heap base address is the
#     maximum limit for the native heap growth. Please use -XX:HeapBaseMinAddress
#     to set the Java Heap base and to place the Java Heap above 4GB virtual address.
# This output file may be truncated or incomplete.
#
#  Out of Memory Error (./src/hotspot/share/memory/arena.cpp:197), pid=14432, tid=19460
#
# JRE version: OpenJDK Runtime Environment (11.0.8+10) (build 11.0.8+10-b944.6842174)
# Java VM: OpenJDK 64-Bit Server VM (11.0.8+10-b944.6842174, mixed mode, tiered, compressed oops, g1 gc, windows-amd64)
# No core dump will be written. Minidumps are not enabled by default on client versions of Windows
#

---------------  S U M M A R Y ------------

Command Line: --add-opens=java.base/java.util=ALL-UNNAMED --add-opens=java.base/java.lang=ALL-UNNAMED --add-opens=java.base/java.lang.invoke=ALL-UNNAMED --add-opens=java.prefs/java.util.prefs=ALL-UNNAMED -Xmx2048m -Dfile.encoding=UTF-8 -Duser.country=IN -Duser.language=en -Duser.variant org.gradle.launcher.daemon.bootstrap.GradleDaemon 6.7.1

Host: 11th Gen Intel(R) Core(TM) i7-1165G7 @ 2.80GHz, 8 cores, 15G,  Windows 10 , 64 bit Build 19041 (10.0.19041.928)
Time: Fri Jun  4 14:25:02 2021 India Standard Time elapsed time: 6 seconds (0d 0h 0m 6s)

---------------  T H R E A D  ---------------

Current thread (0x000001e7fc49a800):  JavaThread "C2 CompilerThread0" daemon [_thread_in_native, id=19460, stack(0x0000004134400000,0x0000004134500000)]


Current CompileTask:
C2:   6873 5098       4       org.objectweb.asm.Frame::execute (2318 bytes)

Stack: [0x0000004134400000,0x0000004134500000]
Native frames: (J=compiled Java code, j=interpreted, Vv=VM code, C=native code)
V  [jvm.dll+0x5de50a]
V  [jvm.dll+0x7122f5]
V  [jvm.dll+0x71384d]
V  [jvm.dll+0x713f03]
V  [jvm.dll+0x23e728]
V  [jvm.dll+0xb899c]
V  [jvm.dll+0xb8e9c]
V  [jvm.dll+0x35024d]
V  [jvm.dll+0x193ebc]
V  [jvm.dll+0x1f780e]
V  [jvm.dll+0x1f68d4]
V  [jvm.dll+0x17f32c]
V  [jvm.dll+0x205047]
V  [jvm.dll+0x203891]
V  [jvm.dll+0x6dad3f]
V  [jvm.dll+0x6d3895]
V  [jvm.dll+0x5dd4a6]
C  [ucrtbase.dll+0x21bb2]
C  [KERNEL32.DLL+0x17034]
C  [ntdll.dll+0x52651]


---------------  P R O C E S S  ---------------

Threads class SMR info:
_java_thread_list=0x000001e7fe5a9d40, length=156, elements={
0x000001e7f08c7800, 0x000001e7fc438800, 0x000001e7fc442000, 0x000001e7fc498000,
0x000001e7fc499000, 0x000001e7fc49a800, 0x000001e7fc4a9800, 0x000001e7fc4aa800,
0x000001e7fc618000, 0x000001e7fc62d000, 0x000001e7fe0fa000, 0x000001e7fe28b000,
0x000001e7fe50c800, 0x000001e7fde01000, 0x000001e7fe13c800, 0x000001e7fe649000,
0x000001e7fe64d000, 0x000001e7fe64e800, 0x000001e7fe6f1000, 0x000001e7fe635000,
0x000001e7fe4e8800, 0x000001e7fe4ef000, 0x000001e7fe4ec800, 0x000001e7fe4ee000,
0x000001e7fe4eb800, 0x000001e7fe4ed000, 0x000001e7fe4e9000, 0x000001e7fe4ea000,
0x000001e7fe4ea800, 0x000001e78fa50000, 0x000001e78fa55000, 0x000001e78fa55800,
0x000001e78fa53800, 0x000001e78fa51800, 0x000001e78fa52800, 0x000001e78fa56800,
0x000001e78fa51000, 0x000001e78fa5d000, 0x000001e78fa58000, 0x000001e78fa5b800,
0x000001e78fa59000, 0x000001e78fa57800, 0x000001e78fa5a000, 0x000001e78fa5e000,
0x000001e78fa5e800, 0x000001e78fa5a800, 0x000001e78fa5c000, 0x000001e78f973800,
0x000001e78f974000, 0x000001e78f972800, 0x000001e78f975000, 0x000001e78f96f000,
0x000001e78f976000, 0x000001e78f970000, 0x000001e78f976800, 0x000001e78f971000,
0x000001e78f971800, 0x000001e78f97c800, 0x000001e78f97d000, 0x000001e78f977800,
0x000001e78f97b800, 0x000001e78f97e000, 0x000001e78f978000, 0x000001e78f979000,
0x000001e78f97a000, 0x000001e78f97a800, 0x000001e790515800, 0x000001e79051a800,
0x000001e790517800, 0x000001e79051b800, 0x000001e790518000, 0x000001e790519000,
0x000001e790516800, 0x000001e79051f800, 0x000001e79051c800, 0x000001e79051e000,
0x000001e79051a000, 0x000001e790520800, 0x000001e79051e800, 0x000001e790521000,
0x000001e790522000, 0x000001e790523000, 0x000001e79051d000, 0x000001e790523800,
0x000001e790524800, 0x000001e790583000, 0x000001e79057f800, 0x000001e790580800,
0x000001e790581800, 0x000001e79057f000, 0x000001e790584000, 0x000001e790582000,
0x000001e79057e000, 0x000001e790584800, 0x000001e790587000, 0x000001e790589800,
0x000001e790588000, 0x000001e79058b000, 0x000001e790585800, 0x000001e79058c000,
0x000001e79058a800, 0x000001e790586800, 0x000001e790588800, 0x000001e79058d000,
0x000001e790534000, 0x000001e79052f000, 0x000001e790532800, 0x000001e790530000,
0x000001e790536000, 0x000001e790536800, 0x000001e790535000, 0x000001e790533800,
0x000001e790531000, 0x000001e790531800, 0x000001e790537800, 0x000001e79053a000,
0x000001e790539000, 0x000001e790538000, 0x000001e79053e000, 0x000001e79053a800,
0x000001e79053b800, 0x000001e79053d000, 0x000001e79053c800, 0x000001e79013d800,
0x000001e790141000, 0x000001e79013b000, 0x000001e790140000, 0x000001e790141800,
0x000001e79013f800, 0x000001e79013c000, 0x000001e790142800, 0x000001e79013d000,
0x000001e790143800, 0x000001e790144000, 0x000001e79013e800, 0x000001e790145000,
0x000001e790148800, 0x000001e790146800, 0x000001e790147800, 0x000001e790146000,
0x000001e790149000, 0x000001e79014a000, 0x000001e79059f000, 0x000001e7905a1800,
0x000001e7905a3000, 0x000001e7905a0000, 0x000001e7905a2000, 0x000001e7905a4000,
0x000001e79059e000, 0x000001e7905a4800, 0x000001e7905a5800, 0x000001e7905a6800,
0x000001e7905a0800, 0x000001e7905aa800, 0x000001e7905ad000, 0x000001e7905a7000
}

Java Threads: ( => current thread )
  0x000001e7f08c7800 JavaThread "main" [_thread_blocked, id=21584, stack(0x0000004133900000,0x0000004133a00000)]
  0x000001e7fc438800 JavaThread "Reference Handler" daemon [_thread_blocked, id=14332, stack(0x0000004134000000,0x0000004134100000)]
  0x000001e7fc442000 JavaThread "Finalizer" daemon [_thread_blocked, id=25032, stack(0x0000004134100000,0x0000004134200000)]
  0x000001e7fc498000 JavaThread "Signal Dispatcher" daemon [_thread_blocked, id=13220, stack(0x0000004134200000,0x0000004134300000)]
  0x000001e7fc499000 JavaThread "Attach Listener" daemon [_thread_blocked, id=25380, stack(0x0000004134300000,0x0000004134400000)]
=>0x000001e7fc49a800 JavaThread "C2 CompilerThread0" daemon [_thread_in_native, id=19460, stack(0x0000004134400000,0x0000004134500000)]
  0x000001e7fc4a9800 JavaThread "C1 CompilerThread0" daemon [_thread_blocked, id=7252, stack(0x0000004134500000,0x0000004134600000)]
  0x000001e7fc4aa800 JavaThread "Sweeper thread" daemon [_thread_blocked, id=13580, stack(0x0000004134600000,0x0000004134700000)]
  0x000001e7fc618000 JavaThread "Common-Cleaner" daemon [_thread_blocked, id=2964, stack(0x0000004134700000,0x0000004134800000)]
  0x000001e7fc62d000 JavaThread "Service Thread" daemon [_thread_blocked, id=13944, stack(0x0000004134800000,0x0000004134900000)]
  0x000001e7fe0fa000 JavaThread "Daemon health stats" [_thread_blocked, id=7008, stack(0x0000004134f00000,0x0000004135000000)]
  0x000001e7fe28b000 JavaThread "Incoming local TCP Connector on port 63757" [_thread_in_native, id=13592, stack(0x0000004135200000,0x0000004135300000)]
  0x000001e7fe50c800 JavaThread "Daemon periodic checks" [_thread_blocked, id=25024, stack(0x0000004135300000,0x0000004135400000)]
  0x000001e7fde01000 JavaThread "Daemon" [_thread_blocked, id=19948, stack(0x0000004135400000,0x0000004135500000)]
  0x000001e7fe13c800 JavaThread "Handler for socket connection from /127.0.0.1:63757 to /127.0.0.1:63758" [_thread_in_native, id=7060, stack(0x0000004135500000,0x0000004135600000)]
  0x000001e7fe649000 JavaThread "Cancel handler" [_thread_blocked, id=6464, stack(0x0000004135600000,0x0000004135700000)]
  0x000001e7fe64d000 JavaThread "Daemon worker" [_thread_in_native, id=1508, stack(0x0000004135700000,0x0000004135800000)]
  0x000001e7fe64e800 JavaThread "Asynchronous log dispatcher for DefaultDaemonConnection: socket connection from /127.0.0.1:63757 to /127.0.0.1:63758" [_thread_blocked, id=20064, stack(0x0000004135800000,0x0000004135900000)]
  0x000001e7fe6f1000 JavaThread "Stdin handler" [_thread_blocked, id=5496, stack(0x0000004135900000,0x0000004135a00000)]
  0x000001e7fe635000 JavaThread "Thread-8" [_thread_blocked, id=23976, stack(0x0000004135a00000,0x0000004135b00000)]
  0x000001e7fe4e8800 JavaThread "Cache worker for file hash cache (C:\Users\nawan\.gradle\caches\6.7.1\fileHashes)" [_thread_blocked, id=21196, stack(0x0000004135b00000,0x0000004135c00000)]
  0x000001e7fe4ef000 JavaThread "File lock request listener" [_thread_in_native, id=10612, stack(0x0000004135c00000,0x0000004135d00000)]
  0x000001e7fe4ec800 JavaThread "Cache worker for journal cache (C:\Users\nawan\.gradle\caches\journal-1)" [_thread_blocked, id=2444, stack(0x0000004136000000,0x0000004136100000)]
  0x000001e7fe4ee000 JavaThread "Cache worker for file hash cache (C:\Users\nawan\AndroidStudioProjects\7MinuteWorkout\.gradle\6.7.1\fileHashes)" [_thread_blocked, id=19820, stack(0x0000004136100000,0x0000004136200000)]
  0x000001e7fe4eb800 JavaThread "Cache worker for checksums cache (C:\Users\nawan\AndroidStudioProjects\7MinuteWorkout\.gradle\checksums)" [_thread_blocked, id=4752, stack(0x0000004136200000,0x0000004136300000)]
  0x000001e7fe4ed000 JavaThread "Cache worker for cache directory md-supplier (C:\Users\nawan\.gradle\caches\6.7.1\md-supplier)" [_thread_blocked, id=24024, stack(0x0000004136300000,0x0000004136400000)]
  0x000001e7fe4e9000 JavaThread "Cache worker for cache directory md-rule (C:\Users\nawan\.gradle\caches\6.7.1\md-rule)" [_thread_blocked, id=5184, stack(0x0000004136400000,0x0000004136500000)]
  0x000001e7fe4ea000 JavaThread "Cache worker for execution history cache (C:\Users\nawan\.gradle\caches\6.7.1\executionHistory)" [_thread_blocked, id=4708, stack(0x0000004136500000,0x0000004136600000)]
  0x000001e7fe4ea800 JavaThread "jar transforms" [_thread_blocked, id=9444, stack(0x0000004136600000,0x0000004136700000)]
  0x000001e78fa50000 JavaThread "Cache worker for file content cache (C:\Users\nawan\.gradle\caches\6.7.1\fileContent)" [_thread_blocked, id=23000, stack(0x0000004136700000,0x0000004136800000)]
  0x000001e78fa55000 JavaThread "Cache worker for Build Output Cleanup Cache (C:\Users\nawan\AndroidStudioProjects\7MinuteWorkout\.gradle\buildOutputCleanup)" [_thread_blocked, id=18048, stack(0x0000004136800000,0x0000004136900000)]
  0x000001e78fa55800 JavaThread "Build operations" [_thread_blocked, id=16940, stack(0x0000004136900000,0x0000004136a00000)]
  0x000001e78fa53800 JavaThread "Build operations Thread 2" [_thread_blocked, id=2040, stack(0x0000004136a00000,0x0000004136b00000)]
  0x000001e78fa51800 JavaThread "Build operations Thread 3" [_thread_blocked, id=19468, stack(0x0000004136b00000,0x0000004136c00000)]
  0x000001e78fa52800 JavaThread "Build operations Thread 4" [_thread_blocked, id=6748, stack(0x0000004136c00000,0x0000004136d00000)]
  0x000001e78fa56800 JavaThread "Build operations Thread 5" [_thread_blocked, id=13552, stack(0x0000004136d00000,0x0000004136e00000)]
  0x000001e78fa51000 JavaThread "Build operations Thread 6" [_thread_blocked, id=1736, stack(0x0000004136e00000,0x0000004136f00000)]
  0x000001e78fa5d000 JavaThread "Build operations Thread 7" [_thread_blocked, id=5944, stack(0x0000004136f00000,0x0000004137000000)]
  0x000001e78fa58000 JavaThread "Build operations Thread 8" [_thread_blocked, id=15132, stack(0x0000004137000000,0x0000004137100000)]
  0x000001e78fa5b800 JavaThread "jar transforms Thread 2" [_thread_blocked, id=7448, stack(0x0000004137100000,0x0000004137200000)]
  0x000001e78fa59000 JavaThread "jar transforms Thread 3" [_thread_blocked, id=2136, stack(0x0000004137200000,0x0000004137300000)]
  0x000001e78fa57800 JavaThread "jar transforms Thread 4" [_thread_blocked, id=20140, stack(0x0000004137300000,0x0000004137400000)]
  0x000001e78fa5a000 JavaThread "jar transforms Thread 5" [_thread_blocked, id=4340, stack(0x0000004137400000,0x0000004137500000)]
  0x000001e78fa5e000 JavaThread "jar transforms Thread 6" [_thread_blocked, id=12212, stack(0x0000004137500000,0x0000004137600000)]
  0x000001e78fa5e800 JavaThread "jar transforms Thread 7" [_thread_blocked, id=15916, stack(0x0000004137600000,0x0000004137700000)]
  0x000001e78fa5a800 JavaThread "jar transforms Thread 8" [_thread_blocked, id=13560, stack(0x0000004137700000,0x0000004137800000)]
  0x000001e78fa5c000 JavaThread "jar transforms Thread 9" [_thread_blocked, id=24432, stack(0x0000004137800000,0x0000004137900000)]
  0x000001e78f973800 JavaThread "jar transforms Thread 10" [_thread_blocked, id=19216, stack(0x0000004137900000,0x0000004137a00000)]
  0x000001e78f974000 JavaThread "jar transforms Thread 11" [_thread_blocked, id=9632, stack(0x0000004137a00000,0x0000004137b00000)]
  0x000001e78f972800 JavaThread "jar transforms Thread 12" [_thread_blocked, id=18792, stack(0x0000004137b00000,0x0000004137c00000)]
  0x000001e78f975000 JavaThread "jar transforms Thread 13" [_thread_blocked, id=17036, stack(0x0000004137c00000,0x0000004137d00000)]
  0x000001e78f96f000 JavaThread "jar transforms Thread 14" [_thread_blocked, id=16012, stack(0x0000004137d00000,0x0000004137e00000)]
  0x000001e78f976000 JavaThread "jar transforms Thread 15" [_thread_blocked, id=18216, stack(0x0000004137e00000,0x0000004137f00000)]
  0x000001e78f970000 JavaThread "jar transforms Thread 16" [_thread_blocked, id=25168, stack(0x0000004137f00000,0x0000004138000000)]
  0x000001e78f976800 JavaThread "jar transforms Thread 17" [_thread_blocked, id=9552, stack(0x0000004138000000,0x0000004138100000)]
  0x000001e78f971000 JavaThread "jar transforms Thread 18" [_thread_blocked, id=8696, stack(0x0000004138100000,0x0000004138200000)]
  0x000001e78f971800 JavaThread "jar transforms Thread 19" [_thread_blocked, id=13364, stack(0x0000004138200000,0x0000004138300000)]
  0x000001e78f97c800 JavaThread "jar transforms Thread 20" [_thread_blocked, id=5512, stack(0x0000004138300000,0x0000004138400000)]
  0x000001e78f97d000 JavaThread "jar transforms Thread 21" [_thread_blocked, id=20604, stack(0x0000004138400000,0x0000004138500000)]
  0x000001e78f977800 JavaThread "jar transforms Thread 22" [_thread_blocked, id=17044, stack(0x0000004138500000,0x0000004138600000)]
  0x000001e78f97b800 JavaThread "jar transforms Thread 23" [_thread_blocked, id=6036, stack(0x0000004138600000,0x0000004138700000)]
  0x000001e78f97e000 JavaThread "jar transforms Thread 24" [_thread_blocked, id=6472, stack(0x0000004138700000,0x0000004138800000)]
  0x000001e78f978000 JavaThread "jar transforms Thread 25" [_thread_blocked, id=3648, stack(0x0000004138800000,0x0000004138900000)]
  0x000001e78f979000 JavaThread "jar transforms Thread 26" [_thread_blocked, id=23716, stack(0x0000004138900000,0x0000004138a00000)]
  0x000001e78f97a000 JavaThread "jar transforms Thread 27" [_thread_blocked, id=23504, stack(0x0000004138a00000,0x0000004138b00000)]
  0x000001e78f97a800 JavaThread "jar transforms Thread 28" [_thread_blocked, id=14852, stack(0x0000004138b00000,0x0000004138c00000)]
  0x000001e790515800 JavaThread "jar transforms Thread 29" [_thread_blocked, id=18888, stack(0x0000004138c00000,0x0000004138d00000)]
  0x000001e79051a800 JavaThread "jar transforms Thread 30" [_thread_blocked, id=11516, stack(0x0000004138d00000,0x0000004138e00000)]
  0x000001e790517800 JavaThread "jar transforms Thread 31" [_thread_blocked, id=13256, stack(0x0000004138e00000,0x0000004138f00000)]
  0x000001e79051b800 JavaThread "jar transforms Thread 32" [_thread_blocked, id=8576, stack(0x0000004138f00000,0x0000004139000000)]
  0x000001e790518000 JavaThread "jar transforms Thread 33" [_thread_blocked, id=23028, stack(0x0000004139000000,0x0000004139100000)]
  0x000001e790519000 JavaThread "jar transforms Thread 34" [_thread_blocked, id=21996, stack(0x0000004139100000,0x0000004139200000)]
  0x000001e790516800 JavaThread "jar transforms Thread 35" [_thread_blocked, id=16880, stack(0x0000004139200000,0x0000004139300000)]
  0x000001e79051f800 JavaThread "jar transforms Thread 36" [_thread_blocked, id=24220, stack(0x0000004139300000,0x0000004139400000)]
  0x000001e79051c800 JavaThread "jar transforms Thread 37" [_thread_blocked, id=17296, stack(0x0000004139400000,0x0000004139500000)]
  0x000001e79051e000 JavaThread "jar transforms Thread 38" [_thread_blocked, id=24092, stack(0x0000004139500000,0x0000004139600000)]
  0x000001e79051a000 JavaThread "jar transforms Thread 39" [_thread_blocked, id=13144, stack(0x0000004139600000,0x0000004139700000)]
  0x000001e790520800 JavaThread "jar transforms Thread 40" [_thread_blocked, id=12496, stack(0x0000004139700000,0x0000004139800000)]
  0x000001e79051e800 JavaThread "jar transforms Thread 41" [_thread_blocked, id=22032, stack(0x0000004139800000,0x0000004139900000)]
  0x000001e790521000 JavaThread "jar transforms Thread 42" [_thread_blocked, id=22860, stack(0x0000004139900000,0x0000004139a00000)]
  0x000001e790522000 JavaThread "jar transforms Thread 43" [_thread_blocked, id=10988, stack(0x0000004139a00000,0x0000004139b00000)]
  0x000001e790523000 JavaThread "jar transforms Thread 44" [_thread_blocked, id=21840, stack(0x0000004139b00000,0x0000004139c00000)]
  0x000001e79051d000 JavaThread "jar transforms Thread 45" [_thread_blocked, id=21860, stack(0x0000004139c00000,0x0000004139d00000)]
  0x000001e790523800 JavaThread "jar transforms Thread 46" [_thread_blocked, id=22624, stack(0x0000004139d00000,0x0000004139e00000)]
  0x000001e790524800 JavaThread "jar transforms Thread 47" [_thread_blocked, id=6504, stack(0x0000004139e00000,0x0000004139f00000)]
  0x000001e790583000 JavaThread "jar transforms Thread 48" [_thread_blocked, id=10920, stack(0x0000004139f00000,0x000000413a000000)]
  0x000001e79057f800 JavaThread "jar transforms Thread 49" [_thread_blocked, id=11672, stack(0x000000413a000000,0x000000413a100000)]
  0x000001e790580800 JavaThread "jar transforms Thread 50" [_thread_blocked, id=23280, stack(0x000000413a100000,0x000000413a200000)]
  0x000001e790581800 JavaThread "jar transforms Thread 51" [_thread_blocked, id=8480, stack(0x000000413a200000,0x000000413a300000)]
  0x000001e79057f000 JavaThread "jar transforms Thread 52" [_thread_blocked, id=23924, stack(0x000000413a300000,0x000000413a400000)]
  0x000001e790584000 JavaThread "jar transforms Thread 53" [_thread_blocked, id=3416, stack(0x000000413a400000,0x000000413a500000)]
  0x000001e790582000 JavaThread "jar transforms Thread 54" [_thread_blocked, id=22136, stack(0x000000413a500000,0x000000413a600000)]
  0x000001e79057e000 JavaThread "jar transforms Thread 55" [_thread_blocked, id=1100, stack(0x000000413a600000,0x000000413a700000)]
  0x000001e790584800 JavaThread "jar transforms Thread 56" [_thread_blocked, id=23524, stack(0x000000413a700000,0x000000413a800000)]
  0x000001e790587000 JavaThread "jar transforms Thread 57" [_thread_blocked, id=13120, stack(0x000000413a800000,0x000000413a900000)]
  0x000001e790589800 JavaThread "jar transforms Thread 58" [_thread_blocked, id=10940, stack(0x000000413a900000,0x000000413aa00000)]
  0x000001e790588000 JavaThread "jar transforms Thread 59" [_thread_blocked, id=22260, stack(0x000000413aa00000,0x000000413ab00000)]
  0x000001e79058b000 JavaThread "jar transforms Thread 60" [_thread_blocked, id=24264, stack(0x000000413ab00000,0x000000413ac00000)]
  0x000001e790585800 JavaThread "jar transforms Thread 61" [_thread_blocked, id=21596, stack(0x000000413ac00000,0x000000413ad00000)]
  0x000001e79058c000 JavaThread "jar transforms Thread 62" [_thread_blocked, id=16148, stack(0x000000413ad00000,0x000000413ae00000)]
  0x000001e79058a800 JavaThread "jar transforms Thread 63" [_thread_blocked, id=25296, stack(0x000000413ae00000,0x000000413af00000)]
  0x000001e790586800 JavaThread "jar transforms Thread 64" [_thread_blocked, id=17012, stack(0x000000413af00000,0x000000413b000000)]
  0x000001e790588800 JavaThread "jar transforms Thread 65" [_thread_blocked, id=564, stack(0x000000413b000000,0x000000413b100000)]
  0x000001e79058d000 JavaThread "jar transforms Thread 66" [_thread_blocked, id=4988, stack(0x000000413b100000,0x000000413b200000)]
  0x000001e790534000 JavaThread "jar transforms Thread 67" [_thread_blocked, id=23740, stack(0x000000413b200000,0x000000413b300000)]
  0x000001e79052f000 JavaThread "jar transforms Thread 68" [_thread_blocked, id=19976, stack(0x000000413b300000,0x000000413b400000)]
  0x000001e790532800 JavaThread "jar transforms Thread 69" [_thread_blocked, id=15340, stack(0x000000413b400000,0x000000413b500000)]
  0x000001e790530000 JavaThread "jar transforms Thread 70" [_thread_blocked, id=8552, stack(0x000000413b500000,0x000000413b600000)]
  0x000001e790536000 JavaThread "jar transforms Thread 71" [_thread_blocked, id=20296, stack(0x000000413b600000,0x000000413b700000)]
  0x000001e790536800 JavaThread "jar transforms Thread 72" [_thread_blocked, id=23160, stack(0x000000413b700000,0x000000413b800000)]
  0x000001e790535000 JavaThread "jar transforms Thread 73" [_thread_blocked, id=2856, stack(0x000000413b800000,0x000000413b900000)]
  0x000001e790533800 JavaThread "jar transforms Thread 74" [_thread_blocked, id=11288, stack(0x000000413b900000,0x000000413ba00000)]
  0x000001e790531000 JavaThread "jar transforms Thread 75" [_thread_blocked, id=20864, stack(0x000000413ba00000,0x000000413bb00000)]
  0x000001e790531800 JavaThread "jar transforms Thread 76" [_thread_blocked, id=24824, stack(0x000000413bb00000,0x000000413bc00000)]
  0x000001e790537800 JavaThread "jar transforms Thread 77" [_thread_blocked, id=23404, stack(0x000000413bc00000,0x000000413bd00000)]
  0x000001e79053a000 JavaThread "jar transforms Thread 78" [_thread_blocked, id=8184, stack(0x000000413bd00000,0x000000413be00000)]
  0x000001e790539000 JavaThread "jar transforms Thread 79" [_thread_blocked, id=21480, stack(0x000000413be00000,0x000000413bf00000)]
  0x000001e790538000 JavaThread "jar transforms Thread 80" [_thread_blocked, id=21364, stack(0x000000413bf00000,0x000000413c000000)]
  0x000001e79053e000 JavaThread "jar transforms Thread 81" [_thread_blocked, id=12608, stack(0x000000413c000000,0x000000413c100000)]
  0x000001e79053a800 JavaThread "jar transforms Thread 82" [_thread_blocked, id=6876, stack(0x000000413c100000,0x000000413c200000)]
  0x000001e79053b800 JavaThread "jar transforms Thread 83" [_thread_blocked, id=25260, stack(0x000000413c200000,0x000000413c300000)]
  0x000001e79053d000 JavaThread "jar transforms Thread 84" [_thread_blocked, id=14392, stack(0x000000413c300000,0x000000413c400000)]
  0x000001e79053c800 JavaThread "jar transforms Thread 85" [_thread_blocked, id=23244, stack(0x000000413c400000,0x000000413c500000)]
  0x000001e79013d800 JavaThread "jar transforms Thread 86" [_thread_blocked, id=12220, stack(0x000000413c500000,0x000000413c600000)]
  0x000001e790141000 JavaThread "jar transforms Thread 87" [_thread_blocked, id=16716, stack(0x000000413c600000,0x000000413c700000)]
  0x000001e79013b000 JavaThread "jar transforms Thread 88" [_thread_blocked, id=21696, stack(0x000000413c700000,0x000000413c800000)]
  0x000001e790140000 JavaThread "jar transforms Thread 89" [_thread_blocked, id=2072, stack(0x000000413c800000,0x000000413c900000)]
  0x000001e790141800 JavaThread "jar transforms Thread 90" [_thread_blocked, id=5468, stack(0x000000413c900000,0x000000413ca00000)]
  0x000001e79013f800 JavaThread "jar transforms Thread 91" [_thread_blocked, id=20468, stack(0x000000413ca00000,0x000000413cb00000)]
  0x000001e79013c000 JavaThread "jar transforms Thread 92" [_thread_blocked, id=14732, stack(0x000000413cb00000,0x000000413cc00000)]
  0x000001e790142800 JavaThread "jar transforms Thread 93" [_thread_blocked, id=24724, stack(0x000000413cc00000,0x000000413cd00000)]
  0x000001e79013d000 JavaThread "jar transforms Thread 94" [_thread_blocked, id=8884, stack(0x000000413cd00000,0x000000413ce00000)]
  0x000001e790143800 JavaThread "jar transforms Thread 95" [_thread_blocked, id=6880, stack(0x000000413ce00000,0x000000413cf00000)]
  0x000001e790144000 JavaThread "jar transforms Thread 96" [_thread_blocked, id=11612, stack(0x000000413cf00000,0x000000413d000000)]
  0x000001e79013e800 JavaThread "jar transforms Thread 97" [_thread_blocked, id=22268, stack(0x000000413d000000,0x000000413d100000)]
  0x000001e790145000 JavaThread "jar transforms Thread 98" [_thread_blocked, id=20112, stack(0x000000413d100000,0x000000413d200000)]
  0x000001e790148800 JavaThread "jar transforms Thread 99" [_thread_blocked, id=8232, stack(0x000000413d200000,0x000000413d300000)]
  0x000001e790146800 JavaThread "jar transforms Thread 100" [_thread_blocked, id=14188, stack(0x000000413d300000,0x000000413d400000)]
  0x000001e790147800 JavaThread "jar transforms Thread 101" [_thread_blocked, id=15748, stack(0x000000413d400000,0x000000413d500000)]
  0x000001e790146000 JavaThread "jar transforms Thread 102" [_thread_blocked, id=6872, stack(0x000000413d500000,0x000000413d600000)]
  0x000001e790149000 JavaThread "jar transforms Thread 103" [_thread_blocked, id=14108, stack(0x000000413d600000,0x000000413d700000)]
  0x000001e79014a000 JavaThread "jar transforms Thread 104" [_thread_blocked, id=7988, stack(0x000000413d700000,0x000000413d800000)]
  0x000001e79059f000 JavaThread "jar transforms Thread 105" [_thread_blocked, id=21204, stack(0x000000413d800000,0x000000413d900000)]
  0x000001e7905a1800 JavaThread "jar transforms Thread 106" [_thread_blocked, id=11244, stack(0x000000413d900000,0x000000413da00000)]
  0x000001e7905a3000 JavaThread "jar transforms Thread 107" [_thread_blocked, id=18416, stack(0x000000413da00000,0x000000413db00000)]
  0x000001e7905a0000 JavaThread "jar transforms Thread 108" [_thread_blocked, id=10168, stack(0x000000413db00000,0x000000413dc00000)]
  0x000001e7905a2000 JavaThread "jar transforms Thread 109" [_thread_blocked, id=17872, stack(0x000000413dc00000,0x000000413dd00000)]
  0x000001e7905a4000 JavaThread "jar transforms Thread 110" [_thread_blocked, id=16100, stack(0x000000413dd00000,0x000000413de00000)]
  0x000001e79059e000 JavaThread "jar transforms Thread 111" [_thread_blocked, id=14308, stack(0x000000413de00000,0x000000413df00000)]
  0x000001e7905a4800 JavaThread "jar transforms Thread 112" [_thread_blocked, id=1536, stack(0x000000413df00000,0x000000413e000000)]
  0x000001e7905a5800 JavaThread "jar transforms Thread 113" [_thread_blocked, id=21900, stack(0x000000413e000000,0x000000413e100000)]
  0x000001e7905a6800 JavaThread "jar transforms Thread 114" [_thread_blocked, id=1152, stack(0x000000413e100000,0x000000413e200000)]
  0x000001e7905a0800 JavaThread "jar transforms Thread 115" [_thread_blocked, id=12432, stack(0x000000413e200000,0x000000413e300000)]
  0x000001e7905aa800 JavaThread "jar transforms Thread 116" [_thread_blocked, id=10488, stack(0x000000413e300000,0x000000413e400000)]
  0x000001e7905ad000 JavaThread "jar transforms Thread 117" [_thread_blocked, id=17380, stack(0x000000413e400000,0x000000413e500000)]
  0x000001e7905a7000 JavaThread "Memory manager" [_thread_blocked, id=2016, stack(0x000000413e500000,0x000000413e600000)]

Other Threads:
  0x000001e7fc436800 VMThread "VM Thread" [stack: 0x0000004133f00000,0x0000004134000000] [id=24504]
  0x000001e7fc62e000 WatcherThread [stack: 0x0000004134900000,0x0000004134a00000] [id=8528]
  0x000001e7f08de800 GCTaskThread "GC Thread#0" [stack: 0x0000004133a00000,0x0000004133b00000] [id=6996]
  0x000001e7fd452000 GCTaskThread "GC Thread#1" [stack: 0x0000004134a00000,0x0000004134b00000] [id=25312]
  0x000001e7fd452800 GCTaskThread "GC Thread#2" [stack: 0x0000004134b00000,0x0000004134c00000] [id=7000]
  0x000001e7fd07b000 GCTaskThread "GC Thread#3" [stack: 0x0000004134c00000,0x0000004134d00000] [id=24500]
  0x000001e7fd07c000 GCTaskThread "GC Thread#4" [stack: 0x0000004134d00000,0x0000004134e00000] [id=21924]
  0x000001e7fd467800 GCTaskThread "GC Thread#5" [stack: 0x0000004134e00000,0x0000004134f00000] [id=18692]
  0x000001e7fe493800 GCTaskThread "GC Thread#6" [stack: 0x0000004135d00000,0x0000004135e00000] [id=4596]
  0x000001e7fe667800 GCTaskThread "GC Thread#7" [stack: 0x0000004135e00000,0x0000004135f00000] [id=5904]
  0x000001e7f0911800 ConcurrentGCThread "G1 Main Marker" [stack: 0x0000004133b00000,0x0000004133c00000] [id=16172]
  0x000001e7f091b000 ConcurrentGCThread "G1 Conc#0" [stack: 0x0000004133c00000,0x0000004133d00000] [id=1204]
  0x000001e7fe690800 ConcurrentGCThread "G1 Conc#1" [stack: 0x0000004135f00000,0x0000004136000000] [id=11272]
  0x000001e7f09ae000 ConcurrentGCThread "G1 Refine#0" [stack: 0x0000004133d00000,0x0000004133e00000] [id=24172]
  0x000001e7fba84800 ConcurrentGCThread "G1 Young RemSet Sampling" [stack: 0x0000004133e00000,0x0000004133f00000] [id=8596]

Threads with active compile tasks:
C2 CompilerThread0   6904 5098       4       org.objectweb.asm.Frame::execute (2318 bytes)

VM state:not at safepoint (normal execution)

VM Mutex/Monitor currently owned by a thread: None

Heap address: 0x0000000080000000, size: 2048 MB, Compressed Oops mode: 32-bit
Narrow klass base: 0x0000000000000000, Narrow klass shift: 3
Compressed class space size: 1073741824 Address: 0x0000000100000000

Heap:
 garbage-first heap   total 256000K, used 59612K [0x0000000080000000, 0x0000000100000000)
  region size 1024K, 17 young (17408K), 6 survivors (6144K)
 Metaspace       used 59910K, capacity 61211K, committed 61388K, reserved 1101824K
  class space    used 7596K, capacity 8074K, committed 8192K, reserved 1048576K
Heap Regions: E=young(eden), S=young(survivor), O=old, HS=humongous(starts), HC=humongous(continues), CS=collection set, F=free, A=archive, TAMS=top-at-mark-start (previous, next)
|   0|0x0000000080000000, 0x0000000080100000, 0x0000000080100000|100%| O|  |TAMS 0x0000000080100000, 0x0000000080000000| Untracked 
|   1|0x0000000080100000, 0x0000000080200000, 0x0000000080200000|100%| O|  |TAMS 0x0000000080200000, 0x0000000080100000| Untracked 
|   2|0x0000000080200000, 0x0000000080300000, 0x0000000080300000|100%| O|  |TAMS 0x0000000080300000, 0x0000000080200000| Untracked 
|   3|0x0000000080300000, 0x0000000080400000, 0x0000000080400000|100%|HS|  |TAMS 0x0000000080400000, 0x0000000080300000| Complete 
|   4|0x0000000080400000, 0x0000000080500000, 0x0000000080500000|100%|HC|  |TAMS 0x0000000080500000, 0x0000000080400000| Complete 
|   5|0x0000000080500000, 0x0000000080600000, 0x0000000080600000|100%|HC|  |TAMS 0x0000000080600000, 0x0000000080500000| Complete 
|   6|0x0000000080600000, 0x0000000080700000, 0x0000000080700000|100%| O|  |TAMS 0x0000000080700000, 0x0000000080600000| Untracked 
|   7|0x0000000080700000, 0x0000000080800000, 0x0000000080800000|100%| O|  |TAMS 0x0000000080800000, 0x0000000080700000| Untracked 
|   8|0x0000000080800000, 0x0000000080900000, 0x0000000080900000|100%| O|  |TAMS 0x0000000080900000, 0x0000000080800000| Untracked 
|   9|0x0000000080900000, 0x0000000080a00000, 0x0000000080a00000|100%| O|  |TAMS 0x0000000080a00000, 0x0000000080900000| Untracked 
|  10|0x0000000080a00000, 0x0000000080b00000, 0x0000000080b00000|100%| O|  |TAMS 0x0000000080b00000, 0x0000000080a00000| Untracked 
|  11|0x0000000080b00000, 0x0000000080c00000, 0x0000000080c00000|100%| O|  |TAMS 0x0000000080c00000, 0x0000000080b00000| Untracked 
|  12|0x0000000080c00000, 0x0000000080d00000, 0x0000000080d00000|100%| O|  |TAMS 0x0000000080d00000, 0x0000000080c00000| Untracked 
|  13|0x0000000080d00000, 0x0000000080e00000, 0x0000000080e00000|100%| O|  |TAMS 0x0000000080e00000, 0x0000000080d00000| Untracked 
|  14|0x0000000080e00000, 0x0000000080f00000, 0x0000000080f00000|100%| O|  |TAMS 0x0000000080f00000, 0x0000000080e00000| Untracked 
|  15|0x0000000080f00000, 0x0000000081000000, 0x0000000081000000|100%| O|  |TAMS 0x0000000081000000, 0x0000000080f00000| Untracked 
|  16|0x0000000081000000, 0x0000000081100000, 0x0000000081100000|100%|HS|  |TAMS 0x0000000081100000, 0x0000000081000000| Complete 
|  17|0x0000000081100000, 0x0000000081200000, 0x0000000081200000|100%|HS|  |TAMS 0x0000000081200000, 0x0000000081100000| Complete 
|  18|0x0000000081200000, 0x0000000081300000, 0x0000000081300000|100%|HC|  |TAMS 0x0000000081300000, 0x0000000081200000| Complete 
|  19|0x0000000081300000, 0x0000000081400000, 0x0000000081400000|100%|HC|  |TAMS 0x0000000081400000, 0x0000000081300000| Complete 
|  20|0x0000000081400000, 0x0000000081500000, 0x0000000081500000|100%|HS|  |TAMS 0x0000000081500000, 0x0000000081400000| Complete 
|  21|0x0000000081500000, 0x0000000081600000, 0x0000000081600000|100%|HC|  |TAMS 0x0000000081600000, 0x0000000081500000| Complete 
|  22|0x0000000081600000, 0x0000000081700000, 0x0000000081700000|100%| O|  |TAMS 0x0000000081700000, 0x0000000081600000| Untracked 
|  23|0x0000000081700000, 0x0000000081800000, 0x0000000081800000|100%| O|  |TAMS 0x0000000081800000, 0x0000000081700000| Untracked 
|  24|0x0000000081800000, 0x0000000081900000, 0x0000000081900000|100%| O|  |TAMS 0x0000000081900000, 0x0000000081800000| Untracked 
|  25|0x0000000081900000, 0x0000000081900000, 0x0000000081a00000|  0%| F|  |TAMS 0x0000000081900000, 0x0000000081900000| Untracked 
|  26|0x0000000081a00000, 0x0000000081b00000, 0x0000000081b00000|100%| O|  |TAMS 0x0000000081b00000, 0x0000000081a00000| Untracked 
|  27|0x0000000081b00000, 0x0000000081c00000, 0x0000000081c00000|100%| O|  |TAMS 0x0000000081c00000, 0x0000000081b00000| Untracked 
|  28|0x0000000081c00000, 0x0000000081d00000, 0x0000000081d00000|100%| O|  |TAMS 0x0000000081d00000, 0x0000000081c00000| Untracked 
|  29|0x0000000081d00000, 0x0000000081e00000, 0x0000000081e00000|100%| O|  |TAMS 0x0000000081e00000, 0x0000000081d00000| Untracked 
|  30|0x0000000081e00000, 0x0000000081f00000, 0x0000000081f00000|100%| O|  |TAMS 0x0000000081f00000, 0x0000000081e00000| Untracked 
|  31|0x0000000081f00000, 0x0000000082000000, 0x0000000082000000|100%| O|  |TAMS 0x0000000082000000, 0x0000000081f00000| Untracked 
|  32|0x0000000082000000, 0x0000000082100000, 0x0000000082100000|100%| O|  |TAMS 0x0000000082100000, 0x0000000082000000| Untracked 
|  33|0x0000000082100000, 0x0000000082200000, 0x0000000082200000|100%| O|  |TAMS 0x0000000082200000, 0x0000000082100000| Untracked 
|  34|0x0000000082200000, 0x0000000082300000, 0x0000000082300000|100%| O|  |TAMS 0x0000000082300000, 0x0000000082200000| Untracked 
|  35|0x0000000082300000, 0x0000000082400000, 0x0000000082400000|100%| O|  |TAMS 0x0000000082400000, 0x0000000082300000| Untracked 
|  36|0x0000000082400000, 0x0000000082500000, 0x0000000082500000|100%| O|  |TAMS 0x0000000082500000, 0x0000000082400000| Untracked 
|  37|0x0000000082500000, 0x0000000082600000, 0x0000000082600000|100%| O|  |TAMS 0x0000000082600000, 0x0000000082500000| Untracked 
|  38|0x0000000082600000, 0x0000000082700000, 0x0000000082700000|100%| O|  |TAMS 0x0000000082700000, 0x0000000082600000| Untracked 
|  39|0x0000000082700000, 0x0000000082800000, 0x0000000082800000|100%| O|  |TAMS 0x0000000082800000, 0x0000000082700000| Untracked 
|  40|0x0000000082800000, 0x0000000082900000, 0x0000000082900000|100%| O|  |TAMS 0x0000000082900000, 0x0000000082800000| Untracked 
|  41|0x0000000082900000, 0x0000000082a00000, 0x0000000082a00000|100%| O|  |TAMS 0x0000000082a00000, 0x0000000082900000| Untracked 
|  42|0x0000000082a00000, 0x0000000082b00000, 0x0000000082b00000|100%| O|  |TAMS 0x0000000082b00000, 0x0000000082a00000| Untracked 
|  43|0x0000000082b00000, 0x0000000082b99800, 0x0000000082c00000| 59%| O|  |TAMS 0x0000000082b99800, 0x0000000082b00000| Untracked 
|  44|0x0000000082c00000, 0x0000000082c00000, 0x0000000082d00000|  0%| F|  |TAMS 0x0000000082c00000, 0x0000000082c00000| Untracked 
|  45|0x0000000082d00000, 0x0000000082d00000, 0x0000000082e00000|  0%| F|  |TAMS 0x0000000082d00000, 0x0000000082d00000| Untracked 
|  46|0x0000000082e00000, 0x0000000082e00000, 0x0000000082f00000|  0%| F|  |TAMS 0x0000000082e00000, 0x0000000082e00000| Untracked 
|  47|0x0000000082f00000, 0x0000000082f00000, 0x0000000083000000|  0%| F|  |TAMS 0x0000000082f00000, 0x0000000082f00000| Untracked 
|  48|0x0000000083000000, 0x0000000083000000, 0x0000000083100000|  0%| F|  |TAMS 0x0000000083000000, 0x0000000083000000| Untracked 
|  49|0x0000000083100000, 0x0000000083100000, 0x0000000083200000|  0%| F|  |TAMS 0x0000000083100000, 0x0000000083100000| Untracked 
|  50|0x0000000083200000, 0x0000000083200000, 0x0000000083300000|  0%| F|  |TAMS 0x0000000083200000, 0x0000000083200000| Untracked 
|  51|0x0000000083300000, 0x0000000083300000, 0x0000000083400000|  0%| F|  |TAMS 0x0000000083300000, 0x0000000083300000| Untracked 
|  52|0x0000000083400000, 0x0000000083400000, 0x0000000083500000|  0%| F|  |TAMS 0x0000000083400000, 0x0000000083400000| Untracked 
|  53|0x0000000083500000, 0x0000000083500000, 0x0000000083600000|  0%| F|  |TAMS 0x0000000083500000, 0x0000000083500000| Untracked 
|  54|0x0000000083600000, 0x0000000083600000, 0x0000000083700000|  0%| F|  |TAMS 0x0000000083600000, 0x0000000083600000| Untracked 
|  55|0x0000000083700000, 0x0000000083700000, 0x0000000083800000|  0%| F|  |TAMS 0x0000000083700000, 0x0000000083700000| Untracked 
|  56|0x0000000083800000, 0x0000000083800000, 0x0000000083900000|  0%| F|  |TAMS 0x0000000083800000, 0x0000000083800000| Untracked 
|  57|0x0000000083900000, 0x0000000083900000, 0x0000000083a00000|  0%| F|  |TAMS 0x0000000083900000, 0x0000000083900000| Untracked 
|  58|0x0000000083a00000, 0x0000000083a00000, 0x0000000083b00000|  0%| F|  |TAMS 0x0000000083a00000, 0x0000000083a00000| Untracked 
|  59|0x0000000083b00000, 0x0000000083b00000, 0x0000000083c00000|  0%| F|  |TAMS 0x0000000083b00000, 0x0000000083b00000| Untracked 
|  60|0x0000000083c00000, 0x0000000083c00000, 0x0000000083d00000|  0%| F|  |TAMS 0x0000000083c00000, 0x0000000083c00000| Untracked 
|  61|0x0000000083d00000, 0x0000000083d00000, 0x0000000083e00000|  0%| F|  |TAMS 0x0000000083d00000, 0x0000000083d00000| Untracked 
|  62|0x0000000083e00000, 0x0000000083e00000, 0x0000000083f00000|  0%| F|  |TAMS 0x0000000083e00000, 0x0000000083e00000| Untracked 
|  63|0x0000000083f00000, 0x0000000083f00000, 0x0000000084000000|  0%| F|  |TAMS 0x0000000083f00000, 0x0000000083f00000| Untracked 
|  64|0x0000000084000000, 0x0000000084000000, 0x0000000084100000|  0%| F|  |TAMS 0x0000000084000000, 0x0000000084000000| Untracked 
|  65|0x0000000084100000, 0x0000000084100000, 0x0000000084200000|  0%| F|  |TAMS 0x0000000084100000, 0x0000000084100000| Untracked 
|  66|0x0000000084200000, 0x0000000084200000, 0x0000000084300000|  0%| F|  |TAMS 0x0000000084200000, 0x0000000084200000| Untracked 
|  67|0x0000000084300000, 0x0000000084300000, 0x0000000084400000|  0%| F|  |TAMS 0x0000000084300000, 0x0000000084300000| Untracked 
|  68|0x0000000084400000, 0x0000000084400000, 0x0000000084500000|  0%| F|  |TAMS 0x0000000084400000, 0x0000000084400000| Untracked 
|  69|0x0000000084500000, 0x0000000084500000, 0x0000000084600000|  0%| F|  |TAMS 0x0000000084500000, 0x0000000084500000| Untracked 
|  70|0x0000000084600000, 0x0000000084600000, 0x0000000084700000|  0%| F|  |TAMS 0x0000000084600000, 0x0000000084600000| Untracked 
|  71|0x0000000084700000, 0x0000000084700000, 0x0000000084800000|  0%| F|  |TAMS 0x0000000084700000, 0x0000000084700000| Untracked 
|  72|0x0000000084800000, 0x0000000084800000, 0x0000000084900000|  0%| F|  |TAMS 0x0000000084800000, 0x0000000084800000| Untracked 
|  73|0x0000000084900000, 0x0000000084900000, 0x0000000084a00000|  0%| F|  |TAMS 0x0000000084900000, 0x0000000084900000| Untracked 
|  74|0x0000000084a00000, 0x0000000084a00000, 0x0000000084b00000|  0%| F|  |TAMS 0x0000000084a00000, 0x0000000084a00000| Untracked 
|  75|0x0000000084b00000, 0x0000000084b00000, 0x0000000084c00000|  0%| F|  |TAMS 0x0000000084b00000, 0x0000000084b00000| Untracked 
|  76|0x0000000084c00000, 0x0000000084c00000, 0x0000000084d00000|  0%| F|  |TAMS 0x0000000084c00000, 0x0000000084c00000| Untracked 
|  77|0x0000000084d00000, 0x0000000084d00000, 0x0000000084e00000|  0%| F|  |TAMS 0x0000000084d00000, 0x0000000084d00000| Untracked 
|  78|0x0000000084e00000, 0x0000000084e00000, 0x0000000084f00000|  0%| F|  |TAMS 0x0000000084e00000, 0x0000000084e00000| Untracked 
|  79|0x0000000084f00000, 0x0000000084f00000, 0x0000000085000000|  0%| F|  |TAMS 0x0000000084f00000, 0x0000000084f00000| Untracked 
|  80|0x0000000085000000, 0x0000000085000000, 0x0000000085100000|  0%| F|  |TAMS 0x0000000085000000, 0x0000000085000000| Untracked 
|  81|0x0000000085100000, 0x0000000085100000, 0x0000000085200000|  0%| F|  |TAMS 0x0000000085100000, 0x0000000085100000| Untracked 
|  82|0x0000000085200000, 0x0000000085200000, 0x0000000085300000|  0%| F|  |TAMS 0x0000000085200000, 0x0000000085200000| Untracked 
|  83|0x0000000085300000, 0x0000000085300000, 0x0000000085400000|  0%| F|  |TAMS 0x0000000085300000, 0x0000000085300000| Untracked 
|  84|0x0000000085400000, 0x0000000085400000, 0x0000000085500000|  0%| F|  |TAMS 0x0000000085400000, 0x0000000085400000| Untracked 
|  85|0x0000000085500000, 0x0000000085500000, 0x0000000085600000|  0%| F|  |TAMS 0x0000000085500000, 0x0000000085500000| Untracked 
|  86|0x0000000085600000, 0x0000000085600000, 0x0000000085700000|  0%| F|  |TAMS 0x0000000085600000, 0x0000000085600000| Untracked 
|  87|0x0000000085700000, 0x0000000085700000, 0x0000000085800000|  0%| F|  |TAMS 0x0000000085700000, 0x0000000085700000| Untracked 
|  88|0x0000000085800000, 0x0000000085800000, 0x0000000085900000|  0%| F|  |TAMS 0x0000000085800000, 0x0000000085800000| Untracked 
|  89|0x0000000085900000, 0x0000000085900000, 0x0000000085a00000|  0%| F|  |TAMS 0x0000000085900000, 0x0000000085900000| Untracked 
|  90|0x0000000085a00000, 0x0000000085a00000, 0x0000000085b00000|  0%| F|  |TAMS 0x0000000085a00000, 0x0000000085a00000| Untracked 
|  91|0x0000000085b00000, 0x0000000085b00000, 0x0000000085c00000|  0%| F|  |TAMS 0x0000000085b00000, 0x0000000085b00000| Untracked 
|  92|0x0000000085c00000, 0x0000000085c00000, 0x0000000085d00000|  0%| F|  |TAMS 0x0000000085c00000, 0x0000000085c00000| Untracked 
|  93|0x0000000085d00000, 0x0000000085d00000, 0x0000000085e00000|  0%| F|  |TAMS 0x0000000085d00000, 0x0000000085d00000| Untracked 
|  94|0x0000000085e00000, 0x0000000085e00000, 0x0000000085f00000|  0%| F|  |TAMS 0x0000000085e00000, 0x0000000085e00000| Untracked 
|  95|0x0000000085f00000, 0x0000000085f00000, 0x0000000086000000|  0%| F|  |TAMS 0x0000000085f00000, 0x0000000085f00000| Untracked 
|  96|0x0000000086000000, 0x0000000086000000, 0x0000000086100000|  0%| F|  |TAMS 0x0000000086000000, 0x0000000086000000| Untracked 
|  97|0x0000000086100000, 0x0000000086100000, 0x0000000086200000|  0%| F|  |TAMS 0x0000000086100000, 0x0000000086100000| Untracked 
|  98|0x0000000086200000, 0x0000000086200000, 0x0000000086300000|  0%| F|  |TAMS 0x0000000086200000, 0x0000000086200000| Untracked 
|  99|0x0000000086300000, 0x0000000086300000, 0x0000000086400000|  0%| F|  |TAMS 0x0000000086300000, 0x0000000086300000| Untracked 
| 100|0x0000000086400000, 0x0000000086400000, 0x0000000086500000|  0%| F|  |TAMS 0x0000000086400000, 0x0000000086400000| Untracked 
| 101|0x0000000086500000, 0x0000000086500000, 0x0000000086600000|  0%| F|  |TAMS 0x0000000086500000, 0x0000000086500000| Untracked 
| 102|0x0000000086600000, 0x0000000086600000, 0x0000000086700000|  0%| F|  |TAMS 0x0000000086600000, 0x0000000086600000| Untracked 
| 103|0x0000000086700000, 0x0000000086700000, 0x0000000086800000|  0%| F|  |TAMS 0x0000000086700000, 0x0000000086700000| Untracked 
| 104|0x0000000086800000, 0x0000000086800000, 0x0000000086900000|  0%| F|  |TAMS 0x0000000086800000, 0x0000000086800000| Untracked 
| 105|0x0000000086900000, 0x0000000086900000, 0x0000000086a00000|  0%| F|  |TAMS 0x0000000086900000, 0x0000000086900000| Untracked 
| 106|0x0000000086a00000, 0x0000000086a00000, 0x0000000086b00000|  0%| F|  |TAMS 0x0000000086a00000, 0x0000000086a00000| Untracked 
| 107|0x0000000086b00000, 0x0000000086b00000, 0x0000000086c00000|  0%| F|  |TAMS 0x0000000086b00000, 0x0000000086b00000| Untracked 
| 108|0x0000000086c00000, 0x0000000086c00000, 0x0000000086d00000|  0%| F|  |TAMS 0x0000000086c00000, 0x0000000086c00000| Untracked 
| 109|0x0000000086d00000, 0x0000000086d00000, 0x0000000086e00000|  0%| F|  |TAMS 0x0000000086d00000, 0x0000000086d00000| Untracked 
| 110|0x0000000086e00000, 0x0000000086e00000, 0x0000000086f00000|  0%| F|  |TAMS 0x0000000086e00000, 0x0000000086e00000| Untracked 
| 111|0x0000000086f00000, 0x0000000086f00000, 0x0000000087000000|  0%| F|  |TAMS 0x0000000086f00000, 0x0000000086f00000| Untracked 
| 112|0x0000000087000000, 0x0000000087000000, 0x0000000087100000|  0%| F|  |TAMS 0x0000000087000000, 0x0000000087000000| Untracked 
| 113|0x0000000087100000, 0x0000000087100000, 0x0000000087200000|  0%| F|  |TAMS 0x0000000087100000, 0x0000000087100000| Untracked 
| 114|0x0000000087200000, 0x0000000087200000, 0x0000000087300000|  0%| F|  |TAMS 0x0000000087200000, 0x0000000087200000| Untracked 
| 115|0x0000000087300000, 0x0000000087300000, 0x0000000087400000|  0%| F|  |TAMS 0x0000000087300000, 0x0000000087300000| Untracked 
| 116|0x0000000087400000, 0x0000000087400000, 0x0000000087500000|  0%| F|  |TAMS 0x0000000087400000, 0x0000000087400000| Untracked 
| 117|0x0000000087500000, 0x0000000087500000, 0x0000000087600000|  0%| F|  |TAMS 0x0000000087500000, 0x0000000087500000| Untracked 
| 118|0x0000000087600000, 0x0000000087600000, 0x0000000087700000|  0%| F|  |TAMS 0x0000000087600000, 0x0000000087600000| Untracked 
| 119|0x0000000087700000, 0x0000000087700000, 0x0000000087800000|  0%| F|  |TAMS 0x0000000087700000, 0x0000000087700000| Untracked 
| 120|0x0000000087800000, 0x0000000087800000, 0x0000000087900000|  0%| F|  |TAMS 0x0000000087800000, 0x0000000087800000| Untracked 
| 121|0x0000000087900000, 0x0000000087900000, 0x0000000087a00000|  0%| F|  |TAMS 0x0000000087900000, 0x0000000087900000| Untracked 
| 122|0x0000000087a00000, 0x0000000087a00000, 0x0000000087b00000|  0%| F|  |TAMS 0x0000000087a00000, 0x0000000087a00000| Untracked 
| 123|0x0000000087b00000, 0x0000000087b00000, 0x0000000087c00000|  0%| F|  |TAMS 0x0000000087b00000, 0x0000000087b00000| Untracked 
| 124|0x0000000087c00000, 0x0000000087c00000, 0x0000000087d00000|  0%| F|  |TAMS 0x0000000087c00000, 0x0000000087c00000| Untracked 
| 125|0x0000000087d00000, 0x0000000087d00000, 0x0000000087e00000|  0%| F|  |TAMS 0x0000000087d00000, 0x0000000087d00000| Untracked 
| 126|0x0000000087e00000, 0x0000000087e00000, 0x0000000087f00000|  0%| F|  |TAMS 0x0000000087e00000, 0x0000000087e00000| Untracked 
| 127|0x0000000087f00000, 0x0000000087f00000, 0x0000000088000000|  0%| F|  |TAMS 0x0000000087f00000, 0x0000000087f00000| Untracked 
| 128|0x0000000088000000, 0x0000000088000000, 0x0000000088100000|  0%| F|  |TAMS 0x0000000088000000, 0x0000000088000000| Untracked 
| 129|0x0000000088100000, 0x0000000088100000, 0x0000000088200000|  0%| F|  |TAMS 0x0000000088100000, 0x0000000088100000| Untracked 
| 130|0x0000000088200000, 0x0000000088200000, 0x0000000088300000|  0%| F|  |TAMS 0x0000000088200000, 0x0000000088200000| Untracked 
| 131|0x0000000088300000, 0x0000000088300000, 0x0000000088400000|  0%| F|  |TAMS 0x0000000088300000, 0x0000000088300000| Untracked 
| 132|0x0000000088400000, 0x0000000088400000, 0x0000000088500000|  0%| F|  |TAMS 0x0000000088400000, 0x0000000088400000| Untracked 
| 133|0x0000000088500000, 0x0000000088500000, 0x0000000088600000|  0%| F|  |TAMS 0x0000000088500000, 0x0000000088500000| Untracked 
| 134|0x0000000088600000, 0x0000000088600000, 0x0000000088700000|  0%| F|  |TAMS 0x0000000088600000, 0x0000000088600000| Untracked 
| 135|0x0000000088700000, 0x0000000088700000, 0x0000000088800000|  0%| F|  |TAMS 0x0000000088700000, 0x0000000088700000| Untracked 
| 136|0x0000000088800000, 0x0000000088800000, 0x0000000088900000|  0%| F|  |TAMS 0x0000000088800000, 0x0000000088800000| Untracked 
| 137|0x0000000088900000, 0x0000000088900000, 0x0000000088a00000|  0%| F|  |TAMS 0x0000000088900000, 0x0000000088900000| Untracked 
| 138|0x0000000088a00000, 0x0000000088a00000, 0x0000000088b00000|  0%| F|  |TAMS 0x0000000088a00000, 0x0000000088a00000| Untracked 
| 139|0x0000000088b00000, 0x0000000088b00000, 0x0000000088c00000|  0%| F|  |TAMS 0x0000000088b00000, 0x0000000088b00000| Untracked 
| 140|0x0000000088c00000, 0x0000000088c00000, 0x0000000088d00000|  0%| F|  |TAMS 0x0000000088c00000, 0x0000000088c00000| Untracked 
| 141|0x0000000088d00000, 0x0000000088d00000, 0x0000000088e00000|  0%| F|  |TAMS 0x0000000088d00000, 0x0000000088d00000| Untracked 
| 142|0x0000000088e00000, 0x0000000088e00000, 0x0000000088f00000|  0%| F|  |TAMS 0x0000000088e00000, 0x0000000088e00000| Untracked 
| 143|0x0000000088f00000, 0x0000000088f00000, 0x0000000089000000|  0%| F|  |TAMS 0x0000000088f00000, 0x0000000088f00000| Untracked 
| 144|0x0000000089000000, 0x0000000089000000, 0x0000000089100000|  0%| F|  |TAMS 0x0000000089000000, 0x0000000089000000| Untracked 
| 145|0x0000000089100000, 0x0000000089100000, 0x0000000089200000|  0%| F|  |TAMS 0x0000000089100000, 0x0000000089100000| Untracked 
| 146|0x0000000089200000, 0x0000000089200000, 0x0000000089300000|  0%| F|  |TAMS 0x0000000089200000, 0x0000000089200000| Untracked 
| 147|0x0000000089300000, 0x0000000089300000, 0x0000000089400000|  0%| F|  |TAMS 0x0000000089300000, 0x0000000089300000| Untracked 
| 148|0x0000000089400000, 0x0000000089400000, 0x0000000089500000|  0%| F|  |TAMS 0x0000000089400000, 0x0000000089400000| Untracked 
| 149|0x0000000089500000, 0x0000000089500000, 0x0000000089600000|  0%| F|  |TAMS 0x0000000089500000, 0x0000000089500000| Untracked 
| 150|0x0000000089600000, 0x0000000089600000, 0x0000000089700000|  0%| F|  |TAMS 0x0000000089600000, 0x0000000089600000| Untracked 
| 151|0x0000000089700000, 0x0000000089700000, 0x0000000089800000|  0%| F|  |TAMS 0x0000000089700000, 0x0000000089700000| Untracked 
| 152|0x0000000089800000, 0x0000000089800000, 0x0000000089900000|  0%| F|  |TAMS 0x0000000089800000, 0x0000000089800000| Untracked 
| 153|0x0000000089900000, 0x0000000089900000, 0x0000000089a00000|  0%| F|  |TAMS 0x0000000089900000, 0x0000000089900000| Untracked 
| 154|0x0000000089a00000, 0x0000000089a00000, 0x0000000089b00000|  0%| F|  |TAMS 0x0000000089a00000, 0x0000000089a00000| Untracked 
| 155|0x0000000089b00000, 0x0000000089b00000, 0x0000000089c00000|  0%| F|  |TAMS 0x0000000089b00000, 0x0000000089b00000| Untracked 
| 156|0x0000000089c00000, 0x0000000089c00000, 0x0000000089d00000|  0%| F|  |TAMS 0x0000000089c00000, 0x0000000089c00000| Untracked 
| 157|0x0000000089d00000, 0x0000000089d00000, 0x0000000089e00000|  0%| F|  |TAMS 0x0000000089d00000, 0x0000000089d00000| Untracked 
| 158|0x0000000089e00000, 0x0000000089e00000, 0x0000000089f00000|  0%| F|  |TAMS 0x0000000089e00000, 0x0000000089e00000| Untracked 
| 159|0x0000000089f00000, 0x0000000089f00000, 0x000000008a000000|  0%| F|  |TAMS 0x0000000089f00000, 0x0000000089f00000| Untracked 
| 160|0x000000008a000000, 0x000000008a000000, 0x000000008a100000|  0%| F|  |TAMS 0x000000008a000000, 0x000000008a000000| Untracked 
| 161|0x000000008a100000, 0x000000008a100000, 0x000000008a200000|  0%| F|  |TAMS 0x000000008a100000, 0x000000008a100000| Untracked 
| 162|0x000000008a200000, 0x000000008a200000, 0x000000008a300000|  0%| F|  |TAMS 0x000000008a200000, 0x000000008a200000| Untracked 
| 163|0x000000008a300000, 0x000000008a300000, 0x000000008a400000|  0%| F|  |TAMS 0x000000008a300000, 0x000000008a300000| Untracked 
| 164|0x000000008a400000, 0x000000008a400000, 0x000000008a500000|  0%| F|  |TAMS 0x000000008a400000, 0x000000008a400000| Untracked 
| 165|0x000000008a500000, 0x000000008a500000, 0x000000008a600000|  0%| F|  |TAMS 0x000000008a500000, 0x000000008a500000| Untracked 
| 166|0x000000008a600000, 0x000000008a600000, 0x000000008a700000|  0%| F|  |TAMS 0x000000008a600000, 0x000000008a600000| Untracked 
| 167|0x000000008a700000, 0x000000008a700000, 0x000000008a800000|  0%| F|  |TAMS 0x000000008a700000, 0x000000008a700000| Untracked 
| 168|0x000000008a800000, 0x000000008a800000, 0x000000008a900000|  0%| F|  |TAMS 0x000000008a800000, 0x000000008a800000| Untracked 
| 169|0x000000008a900000, 0x000000008a900000, 0x000000008aa00000|  0%| F|  |TAMS 0x000000008a900000, 0x000000008a900000| Untracked 
| 170|0x000000008aa00000, 0x000000008aa00000, 0x000000008ab00000|  0%| F|  |TAMS 0x000000008aa00000, 0x000000008aa00000| Untracked 
| 171|0x000000008ab00000, 0x000000008ab00000, 0x000000008ac00000|  0%| F|  |TAMS 0x000000008ab00000, 0x000000008ab00000| Untracked 
| 172|0x000000008ac00000, 0x000000008ac00000, 0x000000008ad00000|  0%| F|  |TAMS 0x000000008ac00000, 0x000000008ac00000| Untracked 
| 173|0x000000008ad00000, 0x000000008ad00000, 0x000000008ae00000|  0%| F|  |TAMS 0x000000008ad00000, 0x000000008ad00000| Untracked 
| 174|0x000000008ae00000, 0x000000008ae00000, 0x000000008af00000|  0%| F|  |TAMS 0x000000008ae00000, 0x000000008ae00000| Untracked 
| 175|0x000000008af00000, 0x000000008af00000, 0x000000008b000000|  0%| F|  |TAMS 0x000000008af00000, 0x000000008af00000| Untracked 
| 176|0x000000008b000000, 0x000000008b000000, 0x000000008b100000|  0%| F|  |TAMS 0x000000008b000000, 0x000000008b000000| Untracked 
| 177|0x000000008b100000, 0x000000008b100000, 0x000000008b200000|  0%| F|  |TAMS 0x000000008b100000, 0x000000008b100000| Untracked 
| 178|0x000000008b200000, 0x000000008b200000, 0x000000008b300000|  0%| F|  |TAMS 0x000000008b200000, 0x000000008b200000| Untracked 
| 179|0x000000008b300000, 0x000000008b300000, 0x000000008b400000|  0%| F|  |TAMS 0x000000008b300000, 0x000000008b300000| Untracked 
| 180|0x000000008b400000, 0x000000008b400000, 0x000000008b500000|  0%| F|  |TAMS 0x000000008b400000, 0x000000008b400000| Untracked 
| 181|0x000000008b500000, 0x000000008b500000, 0x000000008b600000|  0%| F|  |TAMS 0x000000008b500000, 0x000000008b500000| Untracked 
| 182|0x000000008b600000, 0x000000008b600000, 0x000000008b700000|  0%| F|  |TAMS 0x000000008b600000, 0x000000008b600000| Untracked 
| 183|0x000000008b700000, 0x000000008b700000, 0x000000008b800000|  0%| F|  |TAMS 0x000000008b700000, 0x000000008b700000| Untracked 
| 184|0x000000008b800000, 0x000000008b800000, 0x000000008b900000|  0%| F|  |TAMS 0x000000008b800000, 0x000000008b800000| Untracked 
| 185|0x000000008b900000, 0x000000008b900000, 0x000000008ba00000|  0%| F|  |TAMS 0x000000008b900000, 0x000000008b900000| Untracked 
| 186|0x000000008ba00000, 0x000000008ba00000, 0x000000008bb00000|  0%| F|  |TAMS 0x000000008ba00000, 0x000000008ba00000| Untracked 
| 187|0x000000008bb00000, 0x000000008bb00000, 0x000000008bc00000|  0%| F|  |TAMS 0x000000008bb00000, 0x000000008bb00000| Untracked 
| 188|0x000000008bc00000, 0x000000008bc00000, 0x000000008bd00000|  0%| F|  |TAMS 0x000000008bc00000, 0x000000008bc00000| Untracked 
| 189|0x000000008bd00000, 0x000000008bd00000, 0x000000008be00000|  0%| F|  |TAMS 0x000000008bd00000, 0x000000008bd00000| Untracked 
| 190|0x000000008be00000, 0x000000008be00000, 0x000000008bf00000|  0%| F|  |TAMS 0x000000008be00000, 0x000000008be00000| Untracked 
| 191|0x000000008bf00000, 0x000000008bf00000, 0x000000008c000000|  0%| F|  |TAMS 0x000000008bf00000, 0x000000008bf00000| Untracked 
| 192|0x000000008c000000, 0x000000008c000000, 0x000000008c100000|  0%| F|  |TAMS 0x000000008c000000, 0x000000008c000000| Untracked 
| 193|0x000000008c100000, 0x000000008c100000, 0x000000008c200000|  0%| F|  |TAMS 0x000000008c100000, 0x000000008c100000| Untracked 
| 194|0x000000008c200000, 0x000000008c200000, 0x000000008c300000|  0%| F|  |TAMS 0x000000008c200000, 0x000000008c200000| Untracked 
| 195|0x000000008c300000, 0x000000008c300000, 0x000000008c400000|  0%| F|  |TAMS 0x000000008c300000, 0x000000008c300000| Untracked 
| 196|0x000000008c400000, 0x000000008c400000, 0x000000008c500000|  0%| F|  |TAMS 0x000000008c400000, 0x000000008c400000| Untracked 
| 197|0x000000008c500000, 0x000000008c500000, 0x000000008c600000|  0%| F|  |TAMS 0x000000008c500000, 0x000000008c500000| Untracked 
| 198|0x000000008c600000, 0x000000008c600000, 0x000000008c700000|  0%| F|  |TAMS 0x000000008c600000, 0x000000008c600000| Untracked 
| 199|0x000000008c700000, 0x000000008c700000, 0x000000008c800000|  0%| F|  |TAMS 0x000000008c700000, 0x000000008c700000| Untracked 
| 200|0x000000008c800000, 0x000000008c800000, 0x000000008c900000|  0%| F|  |TAMS 0x000000008c800000, 0x000000008c800000| Untracked 
| 201|0x000000008c900000, 0x000000008c900000, 0x000000008ca00000|  0%| F|  |TAMS 0x000000008c900000, 0x000000008c900000| Untracked 
| 202|0x000000008ca00000, 0x000000008ca9d960, 0x000000008cb00000| 61%| S|CS|TAMS 0x000000008ca00000, 0x000000008ca00000| Complete 
| 203|0x000000008cb00000, 0x000000008cc00000, 0x000000008cc00000|100%| S|CS|TAMS 0x000000008cb00000, 0x000000008cb00000| Complete 
| 204|0x000000008cc00000, 0x000000008cd00000, 0x000000008cd00000|100%| S|CS|TAMS 0x000000008cc00000, 0x000000008cc00000| Complete 
| 205|0x000000008cd00000, 0x000000008ce00000, 0x000000008ce00000|100%| S|CS|TAMS 0x000000008cd00000, 0x000000008cd00000| Complete 
| 206|0x000000008ce00000, 0x000000008cf00000, 0x000000008cf00000|100%| S|CS|TAMS 0x000000008ce00000, 0x000000008ce00000| Complete 
| 207|0x000000008cf00000, 0x000000008d000000, 0x000000008d000000|100%| S|CS|TAMS 0x000000008cf00000, 0x000000008cf00000| Complete 
| 208|0x000000008d000000, 0x000000008d000000, 0x000000008d100000|  0%| F|  |TAMS 0x000000008d000000, 0x000000008d000000| Untracked 
| 209|0x000000008d100000, 0x000000008d100000, 0x000000008d200000|  0%| F|  |TAMS 0x000000008d100000, 0x000000008d100000| Untracked 
| 210|0x000000008d200000, 0x000000008d200000, 0x000000008d300000|  0%| F|  |TAMS 0x000000008d200000, 0x000000008d200000| Untracked 
| 211|0x000000008d300000, 0x000000008d300000, 0x000000008d400000|  0%| F|  |TAMS 0x000000008d300000, 0x000000008d300000| Untracked 
| 212|0x000000008d400000, 0x000000008d400000, 0x000000008d500000|  0%| F|  |TAMS 0x000000008d400000, 0x000000008d400000| Untracked 
| 213|0x000000008d500000, 0x000000008d500000, 0x000000008d600000|  0%| F|  |TAMS 0x000000008d500000, 0x000000008d500000| Untracked 
| 214|0x000000008d600000, 0x000000008d600000, 0x000000008d700000|  0%| F|  |TAMS 0x000000008d600000, 0x000000008d600000| Untracked 
| 215|0x000000008d700000, 0x000000008d700000, 0x000000008d800000|  0%| F|  |TAMS 0x000000008d700000, 0x000000008d700000| Untracked 
| 216|0x000000008d800000, 0x000000008d800000, 0x000000008d900000|  0%| F|  |TAMS 0x000000008d800000, 0x000000008d800000| Untracked 
| 217|0x000000008d900000, 0x000000008d900000, 0x000000008da00000|  0%| F|  |TAMS 0x000000008d900000, 0x000000008d900000| Untracked 
| 218|0x000000008da00000, 0x000000008da00000, 0x000000008db00000|  0%| F|  |TAMS 0x000000008da00000, 0x000000008da00000| Untracked 
| 219|0x000000008db00000, 0x000000008db00000, 0x000000008dc00000|  0%| F|  |TAMS 0x000000008db00000, 0x000000008db00000| Untracked 
| 220|0x000000008dc00000, 0x000000008dc00000, 0x000000008dd00000|  0%| F|  |TAMS 0x000000008dc00000, 0x000000008dc00000| Untracked 
| 221|0x000000008dd00000, 0x000000008dd00000, 0x000000008de00000|  0%| F|  |TAMS 0x000000008dd00000, 0x000000008dd00000| Untracked 
| 222|0x000000008de00000, 0x000000008de00000, 0x000000008df00000|  0%| F|  |TAMS 0x000000008de00000, 0x000000008de00000| Untracked 
| 223|0x000000008df00000, 0x000000008df00000, 0x000000008e000000|  0%| F|  |TAMS 0x000000008df00000, 0x000000008df00000| Untracked 
| 224|0x000000008e000000, 0x000000008e000000, 0x000000008e100000|  0%| F|  |TAMS 0x000000008e000000, 0x000000008e000000| Untracked 
| 225|0x000000008e100000, 0x000000008e100000, 0x000000008e200000|  0%| F|  |TAMS 0x000000008e100000, 0x000000008e100000| Untracked 
| 226|0x000000008e200000, 0x000000008e200000, 0x000000008e300000|  0%| F|  |TAMS 0x000000008e200000, 0x000000008e200000| Untracked 
| 227|0x000000008e300000, 0x000000008e300000, 0x000000008e400000|  0%| F|  |TAMS 0x000000008e300000, 0x000000008e300000| Untracked 
| 228|0x000000008e400000, 0x000000008e400000, 0x000000008e500000|  0%| F|  |TAMS 0x000000008e400000, 0x000000008e400000| Untracked 
| 229|0x000000008e500000, 0x000000008e500000, 0x000000008e600000|  0%| F|  |TAMS 0x000000008e500000, 0x000000008e500000| Untracked 
| 230|0x000000008e600000, 0x000000008e600000, 0x000000008e700000|  0%| F|  |TAMS 0x000000008e600000, 0x000000008e600000| Untracked 
| 231|0x000000008e700000, 0x000000008e700000, 0x000000008e800000|  0%| F|  |TAMS 0x000000008e700000, 0x000000008e700000| Untracked 
| 232|0x000000008e800000, 0x000000008e800000, 0x000000008e900000|  0%| F|  |TAMS 0x000000008e800000, 0x000000008e800000| Untracked 
| 233|0x000000008e900000, 0x000000008e900000, 0x000000008ea00000|  0%| F|  |TAMS 0x000000008e900000, 0x000000008e900000| Untracked 
| 234|0x000000008ea00000, 0x000000008ea00000, 0x000000008eb00000|  0%| F|  |TAMS 0x000000008ea00000, 0x000000008ea00000| Untracked 
| 235|0x000000008eb00000, 0x000000008eb00000, 0x000000008ec00000|  0%| F|  |TAMS 0x000000008eb00000, 0x000000008eb00000| Untracked 
| 236|0x000000008ec00000, 0x000000008ec00000, 0x000000008ed00000|  0%| F|  |TAMS 0x000000008ec00000, 0x000000008ec00000| Untracked 
| 237|0x000000008ed00000, 0x000000008ed00000, 0x000000008ee00000|  0%| F|  |TAMS 0x000000008ed00000, 0x000000008ed00000| Untracked 
| 238|0x000000008ee00000, 0x000000008ee80800, 0x000000008ef00000| 50%| E|  |TAMS 0x000000008ee00000, 0x000000008ee00000| Complete 
| 239|0x000000008ef00000, 0x000000008f000000, 0x000000008f000000|100%| E|CS|TAMS 0x000000008ef00000, 0x000000008ef00000| Complete 
| 240|0x000000008f000000, 0x000000008f100000, 0x000000008f100000|100%| E|CS|TAMS 0x000000008f000000, 0x000000008f000000| Complete 
| 241|0x000000008f100000, 0x000000008f200000, 0x000000008f200000|100%| E|CS|TAMS 0x000000008f100000, 0x000000008f100000| Complete 
| 242|0x000000008f200000, 0x000000008f300000, 0x000000008f300000|100%| E|CS|TAMS 0x000000008f200000, 0x000000008f200000| Complete 
| 243|0x000000008f300000, 0x000000008f400000, 0x000000008f400000|100%| E|CS|TAMS 0x000000008f300000, 0x000000008f300000| Complete 
| 244|0x000000008f400000, 0x000000008f500000, 0x000000008f500000|100%| E|CS|TAMS 0x000000008f400000, 0x000000008f400000| Complete 
| 245|0x000000008f500000, 0x000000008f600000, 0x000000008f600000|100%| E|CS|TAMS 0x000000008f500000, 0x000000008f500000| Complete 
| 246|0x000000008f600000, 0x000000008f700000, 0x000000008f700000|100%| E|CS|TAMS 0x000000008f600000, 0x000000008f600000| Complete 
| 247|0x000000008f700000, 0x000000008f800000, 0x000000008f800000|100%| E|CS|TAMS 0x000000008f700000, 0x000000008f700000| Complete 
| 248|0x000000008f800000, 0x000000008f900000, 0x000000008f900000|100%| E|CS|TAMS 0x000000008f800000, 0x000000008f800000| Complete 
| 249|0x000000008f900000, 0x000000008fa00000, 0x000000008fa00000|100%| E|CS|TAMS 0x000000008f900000, 0x000000008f900000| Complete 

Card table byte_map: [0x000001e7f4990000,0x000001e7f4d90000] _byte_map_base: 0x000001e7f4590000

Marking Bits (Prev, Next): (CMBitMap*) 0x000001e7f0908de0, (CMBitMap*) 0x000001e7f0908da8
 Prev Bits: [0x000001e7f7190000, 0x000001e7f9190000)
 Next Bits: [0x000001e7f5190000, 0x000001e7f7190000)

Polling page: 0x000001e7f00b0000

Metaspace:

Usage:
  Non-class:     51.95 MB capacity,    51.15 MB ( 98%) used,   687.81 KB (  1%) free+waste,   139.06 KB ( <1%) overhead. 
      Class:      7.88 MB capacity,     7.43 MB ( 94%) used,   396.12 KB (  5%) free+waste,    65.38 KB ( <1%) overhead. 
       Both:     59.84 MB capacity,    58.58 MB ( 98%) used,     1.06 MB (  2%) free+waste,   204.44 KB ( <1%) overhead. 

Virtual space:
  Non-class space:       54.00 MB reserved,      52.20 MB ( 97%) committed 
      Class space:        1.00 GB reserved,       8.00 MB ( <1%) committed 
             Both:        1.05 GB reserved,      60.20 MB (  6%) committed 

Chunk freelists:
   Non-Class:  59.00 KB
       Class:  0 bytes
        Both:  59.00 KB

MaxMetaspaceSize: 17179869184.00 GB
CompressedClassSpaceSize: 1.00 GB

CodeHeap 'non-profiled nmethods': size=120000Kb used=2255Kb max_used=2255Kb free=117744Kb
 bounds [0x000001e787ad0000, 0x000001e787d40000, 0x000001e78f000000]
CodeHeap 'profiled nmethods': size=120000Kb used=10834Kb max_used=10834Kb free=109165Kb
 bounds [0x000001e7805a0000, 0x000001e781040000, 0x000001e787ad0000]
CodeHeap 'non-nmethods': size=5760Kb used=2245Kb max_used=2279Kb free=3515Kb
 bounds [0x000001e780000000, 0x000001e780270000, 0x000001e7805a0000]
 total_blobs=5944 nmethods=5131 adapters=724
 compilation: enabled
              stopped_count=0, restarted_count=0
 full_count=0

Compilation events (20 events):
Event: 6.867 Thread 0x000001e7fc4a9800 5358       2       java.lang.AbstractStringBuilder::append (43 bytes)
Event: 6.867 Thread 0x000001e7fc4a9800 nmethod 5358 0x000001e78102d310 code [0x000001e78102d4e0, 0x000001e78102d6b8]
Event: 6.867 Thread 0x000001e7fc4a9800 5356       2       java.util.stream.ReferencePipeline$3$1::<init> (11 bytes)
Event: 6.867 Thread 0x000001e7fc4a9800 nmethod 5356 0x000001e78102d810 code [0x000001e78102d9e0, 0x000001e78102dca8]
Event: 6.867 Thread 0x000001e7fc4a9800 5357       2       java.util.stream.Sink$ChainedReference::begin (11 bytes)
Event: 6.867 Thread 0x000001e7fc4a9800 nmethod 5357 0x000001e78102de10 code [0x000001e78102dfc0, 0x000001e78102e0e8]
Event: 6.869 Thread 0x000001e7fc4a9800 5359       1       org.apache.tools.ant.AntTypeDefinition::setName (6 bytes)
Event: 6.869 Thread 0x000001e7fc4a9800 nmethod 5359 0x000001e787d02590 code [0x000001e787d02740, 0x000001e787d02838]
Event: 6.869 Thread 0x000001e7fc4a9800 5360       1       org.apache.tools.ant.AntTypeDefinition::setClassName (6 bytes)
Event: 6.869 Thread 0x000001e7fc4a9800 nmethod 5360 0x000001e787d02890 code [0x000001e787d02a40, 0x000001e787d02b38]
Event: 6.869 Thread 0x000001e7fc4a9800 5364       2       java.lang.StringBuilder::append (10 bytes)
Event: 6.870 Thread 0x000001e7fc4a9800 nmethod 5364 0x000001e78102e190 code [0x000001e78102e340, 0x000001e78102e468]
Event: 6.870 Thread 0x000001e7fc4a9800 5361       1       org.apache.tools.ant.AntTypeDefinition::setClassLoader (6 bytes)
Event: 6.870 Thread 0x000001e7fc4a9800 nmethod 5361 0x000001e787d02b90 code [0x000001e787d02d40, 0x000001e787d02e38]
Event: 6.870 Thread 0x000001e7fc4a9800 5362       1       org.apache.tools.ant.AntTypeDefinition::setAdaptToClass (6 bytes)
Event: 6.870 Thread 0x000001e7fc4a9800 nmethod 5362 0x000001e787d02e90 code [0x000001e787d03040, 0x000001e787d03138]
Event: 6.870 Thread 0x000001e7fc4a9800 5363       1       org.apache.tools.ant.AntTypeDefinition::setAdapterClass (6 bytes)
Event: 6.870 Thread 0x000001e7fc4a9800 nmethod 5363 0x000001e787d03190 code [0x000001e787d03340, 0x000001e787d03438]
Event: 6.870 Thread 0x000001e7fc4a9800 5365       2       org.apache.tools.ant.AntTypeDefinition::<init> (10 bytes)
Event: 6.870 Thread 0x000001e7fc4a9800 nmethod 5365 0x000001e78102e510 code [0x000001e78102e6c0, 0x000001e78102e7b8]

GC Heap History (14 events):
Event: 0.838 GC heap before
{Heap before GC invocations=0 (full 0):
 garbage-first heap   total 256000K, used 29696K [0x0000000080000000, 0x0000000100000000)
  region size 1024K, 24 young (24576K), 0 survivors (0K)
 Metaspace       used 10657K, capacity 10890K, committed 11008K, reserved 1058816K
  class space    used 1130K, capacity 1202K, committed 1280K, reserved 1048576K
}
Event: 0.843 GC heap after
{Heap after GC invocations=1 (full 0):
 garbage-first heap   total 256000K, used 8768K [0x0000000080000000, 0x0000000100000000)
  region size 1024K, 3 young (3072K), 3 survivors (3072K)
 Metaspace       used 10657K, capacity 10890K, committed 11008K, reserved 1058816K
  class space    used 1130K, capacity 1202K, committed 1280K, reserved 1048576K
}
Event: 2.423 GC heap before
{Heap before GC invocations=1 (full 0):
 garbage-first heap   total 256000K, used 93760K [0x0000000080000000, 0x0000000100000000)
  region size 1024K, 88 young (90112K), 3 survivors (3072K)
 Metaspace       used 20686K, capacity 21115K, committed 21248K, reserved 1067008K
  class space    used 2549K, capacity 2712K, committed 2816K, reserved 1048576K
}
Event: 2.431 GC heap after
{Heap after GC invocations=2 (full 0):
 garbage-first heap   total 256000K, used 16113K [0x0000000080000000, 0x0000000100000000)
  region size 1024K, 11 young (11264K), 11 survivors (11264K)
 Metaspace       used 20686K, capacity 21115K, committed 21248K, reserved 1067008K
  class space    used 2549K, capacity 2712K, committed 2816K, reserved 1048576K
}
Event: 3.147 GC heap before
{Heap before GC invocations=3 (full 0):
 garbage-first heap   total 256000K, used 82673K [0x0000000080000000, 0x0000000100000000)
  region size 1024K, 76 young (77824K), 11 survivors (11264K)
 Metaspace       used 27698K, capacity 28351K, committed 28544K, reserved 1073152K
  class space    used 3667K, capacity 3893K, committed 3968K, reserved 1048576K
}
Event: 3.154 GC heap after
{Heap after GC invocations=4 (full 0):
 garbage-first heap   total 256000K, used 18840K [0x0000000080000000, 0x0000000100000000)
  region size 1024K, 3 young (3072K), 3 survivors (3072K)
 Metaspace       used 27698K, capacity 28351K, committed 28544K, reserved 1073152K
  class space    used 3667K, capacity 3893K, committed 3968K, reserved 1048576K
}
Event: 3.666 GC heap before
{Heap before GC invocations=4 (full 0):
 garbage-first heap   total 256000K, used 52632K [0x0000000080000000, 0x0000000100000000)
  region size 1024K, 37 young (37888K), 3 survivors (3072K)
 Metaspace       used 35082K, capacity 35773K, committed 35840K, reserved 1081344K
  class space    used 4570K, capacity 4856K, committed 4864K, reserved 1048576K
}
Event: 3.673 GC heap after
{Heap after GC invocations=5 (full 0):
 garbage-first heap   total 256000K, used 21471K [0x0000000080000000, 0x0000000100000000)
  region size 1024K, 6 young (6144K), 6 survivors (6144K)
 Metaspace       used 35082K, capacity 35773K, committed 35840K, reserved 1081344K
  class space    used 4570K, capacity 4856K, committed 4864K, reserved 1048576K
}
Event: 4.800 GC heap before
{Heap before GC invocations=6 (full 0):
 garbage-first heap   total 256000K, used 123871K [0x0000000080000000, 0x0000000100000000)
  region size 1024K, 103 young (105472K), 6 survivors (6144K)
 Metaspace       used 43704K, capacity 44713K, committed 44928K, reserved 1087488K
  class space    used 5600K, capacity 5979K, committed 6016K, reserved 1048576K
}
Event: 4.810 GC heap after
{Heap after GC invocations=7 (full 0):
 garbage-first heap   total 256000K, used 27442K [0x0000000080000000, 0x0000000100000000)
  region size 1024K, 12 young (12288K), 12 survivors (12288K)
 Metaspace       used 43704K, capacity 44713K, committed 44928K, reserved 1087488K
  class space    used 5600K, capacity 5979K, committed 6016K, reserved 1048576K
}
Event: 6.290 GC heap before
{Heap before GC invocations=7 (full 0):
 garbage-first heap   total 256000K, used 166706K [0x0000000080000000, 0x0000000100000000)
  region size 1024K, 143 young (146432K), 12 survivors (12288K)
 Metaspace       used 54518K, capacity 55843K, committed 56064K, reserved 1097728K
  class space    used 6940K, capacity 7364K, committed 7424K, reserved 1048576K
}
Event: 6.302 GC heap after
{Heap after GC invocations=8 (full 0):
 garbage-first heap   total 256000K, used 43505K [0x0000000080000000, 0x0000000100000000)
  region size 1024K, 18 young (18432K), 18 survivors (18432K)
 Metaspace       used 54518K, capacity 55843K, committed 56064K, reserved 1097728K
  class space    used 6940K, capacity 7364K, committed 7424K, reserved 1048576K
}
Event: 6.718 GC heap before
{Heap before GC invocations=8 (full 0):
 garbage-first heap   total 256000K, used 85489K [0x0000000080000000, 0x0000000100000000)
  region size 1024K, 60 young (61440K), 18 survivors (18432K)
 Metaspace       used 58736K, capacity 60111K, committed 60160K, reserved 1101824K
  class space    used 7435K, capacity 7921K, committed 7936K, reserved 1048576K
}
Event: 6.739 GC heap after
{Heap after GC invocations=9 (full 0):
 garbage-first heap   total 256000K, used 49372K [0x0000000080000000, 0x0000000100000000)
  region size 1024K, 6 young (6144K), 6 survivors (6144K)
 Metaspace       used 58736K, capacity 60111K, committed 60160K, reserved 1101824K
  class space    used 7435K, capacity 7921K, committed 7936K, reserved 1048576K
}

Deoptimization events (20 events):
Event: 6.764 Thread 0x000001e7fe64d000 Uncommon trap: trap_request=0xffffff4d fr.pc=0x000001e787b1446c relative=0x00000000000000cc
Event: 6.764 Thread 0x000001e7fe64d000 Uncommon trap: reason=unstable_if action=reinterpret pc=0x000001e787b1446c method=java.lang.String.getBytes([BIB)V @ 5 c2
Event: 6.764 Thread 0x000001e7fe64d000 DEOPT PACKING pc=0x000001e787b1446c sp=0x00000041357f6600
Event: 6.764 Thread 0x000001e7fe64d000 DEOPT UNPACKING pc=0x000001e78000822f sp=0x00000041357f65a8 mode 2
Event: 6.764 Thread 0x000001e7fe64d000 Uncommon trap: trap_request=0xffffff4d fr.pc=0x000001e787b13c18 relative=0x0000000000000458
Event: 6.764 Thread 0x000001e7fe64d000 Uncommon trap: reason=unstable_if action=reinterpret pc=0x000001e787b13c18 method=java.lang.String.substring(II)Ljava/lang/String; @ 31 c2
Event: 6.764 Thread 0x000001e7fe64d000 DEOPT PACKING pc=0x000001e787b13c18 sp=0x00000041357f6610
Event: 6.764 Thread 0x000001e7fe64d000 DEOPT UNPACKING pc=0x000001e78000822f sp=0x00000041357f65c8 mode 2
Event: 6.867 Thread 0x000001e7fe64d000 DEOPT PACKING pc=0x000001e78083d016 sp=0x00000041357f8070
Event: 6.867 Thread 0x000001e7fe64d000 DEOPT UNPACKING pc=0x000001e780028ade sp=0x00000041357f7588 mode 0
Event: 6.867 Thread 0x000001e7fe64d000 DEOPT PACKING pc=0x000001e78099d311 sp=0x00000041357f80a0
Event: 6.867 Thread 0x000001e7fe64d000 DEOPT UNPACKING pc=0x000001e780028ade sp=0x00000041357f7578 mode 0
Event: 6.870 Thread 0x000001e7fe64d000 DEOPT PACKING pc=0x000001e78099d311 sp=0x00000041357f80a0
Event: 6.870 Thread 0x000001e7fe64d000 DEOPT UNPACKING pc=0x000001e780028ade sp=0x00000041357f7578 mode 0
Event: 6.870 Thread 0x000001e7fe64d000 DEOPT PACKING pc=0x000001e78083d016 sp=0x00000041357f8070
Event: 6.870 Thread 0x000001e7fe64d000 DEOPT UNPACKING pc=0x000001e780028ade sp=0x00000041357f7588 mode 0
Event: 6.871 Thread 0x000001e7fe64d000 Uncommon trap: trap_request=0xffffff4d fr.pc=0x000001e787b646a4 relative=0x00000000000005e4
Event: 6.871 Thread 0x000001e7fe64d000 Uncommon trap: reason=unstable_if action=reinterpret pc=0x000001e787b646a4 method=java.lang.String.replace(CC)Ljava/lang/String; @ 2 c2
Event: 6.871 Thread 0x000001e7fe64d000 DEOPT PACKING pc=0x000001e787b646a4 sp=0x00000041357f81a0
Event: 6.871 Thread 0x000001e7fe64d000 DEOPT UNPACKING pc=0x000001e78000822f sp=0x00000041357f8150 mode 2

Classes redefined (0 events):
No events

Internal exceptions (20 events):
Event: 5.370 Thread 0x000001e7fe635000 Exception <a 'java/lang/NoSuchMethodError'{0x000000008b826d28}: <clinit>> (0x000000008b826d28) thrown at [./src/hotspot/share/prims/jni.cpp, line 1362]
Event: 5.373 Thread 0x000001e7fe635000 Exception <a 'java/lang/NoSuchMethodError'{0x000000008b83a810}: <clinit>> (0x000000008b83a810) thrown at [./src/hotspot/share/prims/jni.cpp, line 1362]
Event: 5.383 Thread 0x000001e7fe64d000 Exception <a 'java/lang/ClassNotFoundException'{0x000000008b8787a0}: build_2xwfvaciev6dzhocwzo2o4iq7BeanInfo> (0x000000008b8787a0) thrown at [./src/hotspot/share/classfile/systemDictionary.cpp, line 231]
Event: 5.383 Thread 0x000001e7fe64d000 Exception <a 'java/lang/ClassNotFoundException'{0x000000008b8815a8}: build_2xwfvaciev6dzhocwzo2o4iq7Customizer> (0x000000008b8815a8) thrown at [./src/hotspot/share/classfile/systemDictionary.cpp, line 231]
Event: 5.392 Thread 0x000001e7fe64d000 Exception <a 'java/lang/ClassNotFoundException'{0x000000008b8f18b0}: org/gradle/plugin/use/internal/PluginRequestCollector$PluginDependenciesSpecImplBeanInfo> (0x000000008b8f18b0) thrown at [./src/hotspot/share/classfile/systemDictionary.cpp, line 231]
Event: 5.393 Thread 0x000001e7fe64d000 Exception <a 'java/lang/ClassNotFoundException'{0x000000008b717bb0}: org/gradle/plugin/use/internal/PluginRequestCollector$PluginDependenciesSpecImplCustomizer> (0x000000008b717bb0) thrown at [./src/hotspot/share/classfile/systemDictionary.cpp, line 231]
Event: 5.400 Thread 0x000001e7fe64d000 Exception <a 'java/lang/NoSuchMethodError'{0x000000008b790158}: 'void java.lang.invoke.DirectMethodHandle$Holder.invokeInterface(java.lang.Object, java.lang.Object)'> (0x000000008b790158) thrown at [./src/hotspot/share/interpreter/linkResolver.cpp, line 773]
Event: 5.433 Thread 0x000001e7fe64d000 Exception <a 'java/lang/ClassNotFoundException'{0x000000008b5ac230}: org/gradle/api/internal/plugins/DefaultObjectConfigurationActionBeanInfo> (0x000000008b5ac230) thrown at [./src/hotspot/share/classfile/systemDictionary.cpp, line 231]
Event: 5.434 Thread 0x000001e7fe64d000 Exception <a 'java/lang/ClassNotFoundException'{0x000000008b5d9130}: org/gradle/api/internal/plugins/DefaultObjectConfigurationActionCustomizer> (0x000000008b5d9130) thrown at [./src/hotspot/share/classfile/systemDictionary.cpp, line 231]
Event: 5.595 Thread 0x000001e7fe64d000 Exception <a 'java/lang/NoSuchMethodError'{0x000000008ab5c0a8}: 'java.lang.Object java.lang.invoke.DirectMethodHandle$Holder.invokeStatic(java.lang.Object, java.lang.Object, java.lang.Object, java.lang.Object, int)'> (0x000000008ab5c0a8) thrown at [./src/hotspot/share/interpreter/linkResolver.cpp, line 773]
Event: 5.595 Thread 0x000001e7fe64d000 Exception <a 'java/lang/NoSuchMethodError'{0x000000008ab60aa0}: 'java.lang.Object java.lang.invoke.DirectMethodHandle$Holder.invokeSpecial(java.lang.Object, java.lang.Object, java.lang.Object, java.lang.Object, java.lang.Object, int)'> (0x000000008ab60aa0) thrown at [./src/hotspot/share/interpreter/linkResolver.cpp, line 773]
Event: 5.595 Thread 0x000001e7fe64d000 Exception <a 'java/lang/NoSuchMethodError'{0x000000008ab650e0}: 'java.lang.Object java.lang.invoke.Invokers$Holder.linkToTargetMethod(java.lang.Object, java.lang.Object, java.lang.Object, int, java.lang.Object)'> (0x000000008ab650e0) thrown at [./src/hotspot/share/interpreter/linkResolver.cpp, line 773]
Event: 5.832 Thread 0x000001e7fe64d000 Exception <a 'java/lang/NoSuchMethodError'{0x000000008964e2b0}: 'java.lang.Object java.lang.invoke.DirectMethodHandle$Holder.invokeSpecial(java.lang.Object, java.lang.Object, int, int, java.lang.Object, java.lang.Object, java.lang.Object)'> (0x000000008964e2b0) thrown at [./src/hotspot/share/interpreter/linkResolver.cpp, line 773]
Event: 5.832 Thread 0x000001e7fe64d000 Exception <a 'java/lang/NoSuchMethodError'{0x0000000089652830}: 'java.lang.Object java.lang.invoke.DelegatingMethodHandle$Holder.reinvoke_L(java.lang.Object, int, int, java.lang.Object, java.lang.Object, java.lang.Object)'> (0x0000000089652830) thrown at [./src/hotspot/share/interpreter/linkResolver.cpp, line 773]
Event: 6.004 Thread 0x000001e7fe64d000 Exception <a 'java/lang/NoSuchMethodError'{0x0000000087d98758}: 'int java.lang.invoke.DirectMethodHandle$Holder.invokeInterface(java.lang.Object, java.lang.Object, java.lang.Object, java.lang.Object)'> (0x0000000087d98758) thrown at [./src/hotspot/share/interpreter/linkResolver.cpp, line 773]
Event: 6.161 Thread 0x000001e7fe64d000 Exception <a 'java/lang/NoSuchMethodError'{0x00000000873d6318}: 'void java.lang.invoke.DirectMethodHandle$Holder.invokeInterface(java.lang.Object, java.lang.Object, java.lang.Object, java.lang.Object)'> (0x00000000873d6318) thrown at [./src/hotspot/share/interpreter/linkResolver.cpp, line 773]
Event: 6.268 Thread 0x000001e7fe64d000 Exception <a 'java/lang/IncompatibleClassChangeError'{0x0000000086b61050}: Found class java.lang.Object, but interface was expected> (0x0000000086b61050) thrown at [./src/hotspot/share/interpreter/linkResolver.cpp, line 839]
Event: 6.290 Thread 0x000001e7fe64d000 Exception <a 'java/lang/NoSuchMethodError'{0x0000000086bfccf8}: 'void java.lang.invoke.DirectMethodHandle$Holder.invokeStatic(java.lang.Object, java.lang.Object, java.lang.Object, java.lang.Object, java.lang.Object)'> (0x0000000086bfccf8) thrown at [./src/hotspot/share/interpreter/linkResolver.cpp, line 773]
Event: 6.388 Thread 0x000001e7fe64d000 Implicit null exception at 0x000001e787b9d40b to 0x000001e787b9d4e4
Event: 6.838 Thread 0x000001e7fe64d000 Exception <a 'java/lang/IncompatibleClassChangeError'{0x000000008f34b598}: Found class java.lang.Object, but interface was expected> (0x000000008f34b598) thrown at [./src/hotspot/share/interpreter/linkResolver.cpp, line 839]

Events (20 events):
Event: 6.860 loading class org/apache/tools/ant/launch/Locator
Event: 6.860 loading class org/apache/tools/ant/launch/Locator done
Event: 6.861 loading class java/text/CharacterIterator
Event: 6.862 loading class java/text/CharacterIterator done
Event: 6.862 loading class org/apache/tools/ant/ComponentHelper
Event: 6.862 loading class org/apache/tools/ant/ComponentHelper done
Event: 6.865 loading class org/apache/tools/ant/property/ParseProperties
Event: 6.865 loading class org/apache/tools/ant/property/ParseProperties done
Event: 6.866 loading class org/apache/tools/ant/property/PropertyExpander
Event: 6.866 loading class org/apache/tools/ant/property/PropertyExpander done
Event: 6.866 loading class org/apache/tools/ant/property/ParseProperties
Event: 6.866 loading class org/apache/tools/ant/property/ParseProperties done
Event: 6.868 loading class org/apache/tools/ant/AntTypeDefinition
Event: 6.868 loading class org/apache/tools/ant/AntTypeDefinition done
Event: 6.869 loading class org/apache/tools/ant/TaskAdapter
Event: 6.869 loading class org/apache/tools/ant/TaskAdapter done
Event: 6.869 loading class org/apache/tools/ant/TypeAdapter
Event: 6.869 loading class org/apache/tools/ant/TypeAdapter done
Event: 6.870 loading class org/apache/tools/ant/DefaultDefinitions
Event: 6.870 loading class org/apache/tools/ant/DefaultDefinitions done


Dynamic libraries:
0x00007ff6f85e0000 - 0x00007ff6f85ea000 	C:\Program Files\Android\Android Studio\jre\bin\java.exe
0x00007ffe24950000 - 0x00007ffe24b45000 	C:\Windows\SYSTEM32\ntdll.dll
0x00007ffe235c0000 - 0x00007ffe2367d000 	C:\Windows\System32\KERNEL32.DLL
0x00007ffe22110000 - 0x00007ffe223d8000 	C:\Windows\System32\KERNELBASE.dll
0x00007ffe22520000 - 0x00007ffe22620000 	C:\Windows\System32\ucrtbase.dll
0x00007ffe18bd0000 - 0x00007ffe18be7000 	C:\Program Files\Android\Android Studio\jre\bin\VCRUNTIME140.dll
0x00007ffe16bc0000 - 0x00007ffe16bd9000 	C:\Program Files\Android\Android Studio\jre\bin\jli.dll
0x00007ffe23dd0000 - 0x00007ffe23f70000 	C:\Windows\System32\USER32.dll
0x00007ffe22980000 - 0x00007ffe229a2000 	C:\Windows\System32\win32u.dll
0x00007ffe23460000 - 0x00007ffe2348a000 	C:\Windows\System32\GDI32.dll
0x00007ffe22410000 - 0x00007ffe2251b000 	C:\Windows\System32\gdi32full.dll
0x00007ffe083f0000 - 0x00007ffe0868a000 	C:\Windows\WinSxS\amd64_microsoft.windows.common-controls_6595b64144ccf1df_6.0.19041.844_none_ca00b6081b84eb1d\COMCTL32.dll
0x00007ffe226d0000 - 0x00007ffe2276d000 	C:\Windows\System32\msvcp_win.dll
0x00007ffe23500000 - 0x00007ffe2359e000 	C:\Windows\System32\msvcrt.dll
0x00007ffe23f70000 - 0x00007ffe23fa0000 	C:\Windows\System32\IMM32.DLL
0x00007ffdec2d0000 - 0x00007ffdec36d000 	C:\Program Files\Android\Android Studio\jre\bin\msvcp140.dll
0x00007ffdd3860000 - 0x00007ffdd431c000 	C:\Program Files\Android\Android Studio\jre\bin\server\jvm.dll
0x00007ffe241a0000 - 0x00007ffe2424c000 	C:\Windows\System32\ADVAPI32.dll
0x00007ffe23330000 - 0x00007ffe233cb000 	C:\Windows\System32\sechost.dll
0x00007ffe23fa0000 - 0x00007ffe240cb000 	C:\Windows\System32\RPCRT4.dll
0x00007ffe247f0000 - 0x00007ffe247f8000 	C:\Windows\System32\PSAPI.DLL
0x00007ffe12150000 - 0x00007ffe12177000 	C:\Windows\SYSTEM32\WINMM.dll
0x00007ffe179c0000 - 0x00007ffe179ca000 	C:\Windows\SYSTEM32\VERSION.dll
0x00007ffe18780000 - 0x00007ffe18789000 	C:\Windows\SYSTEM32\WSOCK32.dll
0x00007ffe237a0000 - 0x00007ffe2380b000 	C:\Windows\System32\WS2_32.dll
0x00007ffe20960000 - 0x00007ffe20972000 	C:\Windows\SYSTEM32\kernel.appcore.dll
0x00007ffe18bb0000 - 0x00007ffe18bc1000 	C:\Program Files\Android\Android Studio\jre\bin\verify.dll
0x00007ffe1fd20000 - 0x00007ffe1ff04000 	C:\Windows\SYSTEM32\DBGHELP.DLL
0x00007ffe15b20000 - 0x00007ffe15b4c000 	C:\Windows\SYSTEM32\dbgcore.DLL
0x00007ffe22090000 - 0x00007ffe22110000 	C:\Windows\System32\bcryptPrimitives.dll
0x00007ffe16810000 - 0x00007ffe16839000 	C:\Program Files\Android\Android Studio\jre\bin\java.dll
0x00007ffe187e0000 - 0x00007ffe187eb000 	C:\Program Files\Android\Android Studio\jre\bin\jimage.dll
0x00007ffe18120000 - 0x00007ffe18138000 	C:\Program Files\Android\Android Studio\jre\bin\zip.dll
0x00007ffe229b0000 - 0x00007ffe230f2000 	C:\Windows\System32\SHELL32.dll
0x00007ffe20010000 - 0x00007ffe207a0000 	C:\Windows\SYSTEM32\windows.storage.dll
0x00007ffe24490000 - 0x00007ffe247e5000 	C:\Windows\System32\combase.dll
0x00007ffe21b00000 - 0x00007ffe21b2c000 	C:\Windows\SYSTEM32\Wldp.dll
0x00007ffe243e0000 - 0x00007ffe2448e000 	C:\Windows\System32\SHCORE.dll
0x00007ffe24380000 - 0x00007ffe243d5000 	C:\Windows\System32\shlwapi.dll
0x00007ffe21fd0000 - 0x00007ffe21fef000 	C:\Windows\SYSTEM32\profapi.dll
0x00007ffe17bf0000 - 0x00007ffe17c0a000 	C:\Program Files\Android\Android Studio\jre\bin\net.dll
0x00007ffe19690000 - 0x00007ffe1979b000 	C:\Windows\SYSTEM32\WINHTTP.dll
0x00007ffe21870000 - 0x00007ffe218da000 	C:\Windows\system32\mswsock.dll
0x00007ffe169b0000 - 0x00007ffe169c4000 	C:\Program Files\Android\Android Studio\jre\bin\nio.dll
0x00007ffe02000000 - 0x00007ffe02027000 	C:\Users\nawan\.gradle\native\fdc75f09e3144964f2cf3f50f0aa648679c211496f362492102eb8c894070792\windows-amd64\native-platform.dll
0x00007ffdd7e20000 - 0x00007ffdd7fb6000 	C:\Users\nawan\.gradle\native\12488b8bf47d2d4c9fbf2f6322a914ad602e24e48041cd04a747c6da556b65c4\windows-amd64\native-platform-file-events.dll
0x00007ffe17b30000 - 0x00007ffe17b3a000 	C:\Program Files\Android\Android Studio\jre\bin\management.dll
0x00007ffe16980000 - 0x00007ffe1698c000 	C:\Program Files\Android\Android Studio\jre\bin\management_ext.dll
0x00007ffe21a40000 - 0x00007ffe21a58000 	C:\Windows\SYSTEM32\CRYPTSP.dll
0x00007ffe211a0000 - 0x00007ffe211d4000 	C:\Windows\system32\rsaenh.dll
0x00007ffe223e0000 - 0x00007ffe22407000 	C:\Windows\System32\bcrypt.dll
0x00007ffe21f90000 - 0x00007ffe21fbe000 	C:\Windows\SYSTEM32\USERENV.dll
0x00007ffe21a60000 - 0x00007ffe21a6c000 	C:\Windows\SYSTEM32\CRYPTBASE.dll
0x00007ffe21510000 - 0x00007ffe2154b000 	C:\Windows\SYSTEM32\IPHLPAPI.DLL
0x00007ffe23490000 - 0x00007ffe23498000 	C:\Windows\System32\NSI.dll
0x00007ffe16ed0000 - 0x00007ffe16ee7000 	C:\Windows\SYSTEM32\dhcpcsvc6.DLL
0x00007ffe17540000 - 0x00007ffe1755d000 	C:\Windows\SYSTEM32\dhcpcsvc.DLL
0x00007ffe21550000 - 0x00007ffe2161c000 	C:\Windows\SYSTEM32\DNSAPI.dll
0x00007ffe197d0000 - 0x00007ffe197db000 	C:\Windows\SYSTEM32\WINNSI.DLL

dbghelp: loaded successfully - version: 4.0.5 - missing functions: none
symbol engine: initialized successfully - sym options: 0x614 - pdb path: .;C:\Program Files\Android\Android Studio\jre\bin;C:\Windows\SYSTEM32;C:\Windows\WinSxS\amd64_microsoft.windows.common-controls_6595b64144ccf1df_6.0.19041.844_none_ca00b6081b84eb1d;C:\Program Files\Android\Android Studio\jre\bin\server;C:\Users\nawan\.gradle\native\fdc75f09e3144964f2cf3f50f0aa648679c211496f362492102eb8c894070792\windows-amd64;C:\Users\nawan\.gradle\native\12488b8bf47d2d4c9fbf2f6322a914ad602e24e48041cd04a747c6da556b65c4\windows-amd64

VM Arguments:
jvm_args: --add-opens=java.base/java.util=ALL-UNNAMED --add-opens=java.base/java.lang=ALL-UNNAMED --add-opens=java.base/java.lang.invoke=ALL-UNNAMED --add-opens=java.prefs/java.util.prefs=ALL-UNNAMED -Xmx2048m -Dfile.encoding=UTF-8 -Duser.country=IN -Duser.language=en -Duser.variant 
java_command: org.gradle.launcher.daemon.bootstrap.GradleDaemon 6.7.1
java_class_path (initial): C:\Users\nawan\.gradle\wrapper\dists\gradle-6.7.1-bin\bwlcbys1h7rz3272sye1xwiv6\gradle-6.7.1\lib\gradle-launcher-6.7.1.jar
Launcher Type: SUN_STANDARD

[Global flags]
     intx CICompilerCount                          = 4                                         {product} {ergonomic}
     uint ConcGCThreads                            = 2                                         {product} {ergonomic}
     uint G1ConcRefinementThreads                  = 8                                         {product} {ergonomic}
   size_t G1HeapRegionSize                         = 1048576                                   {product} {ergonomic}
    uintx GCDrainStackTargetSize                   = 64                                        {product} {ergonomic}
   size_t InitialHeapSize                          = 262144000                                 {product} {ergonomic}
   size_t MarkStackSize                            = 4194304                                   {product} {ergonomic}
   size_t MaxHeapSize                              = 2147483648                                {product} {command line}
   size_t MaxNewSize                               = 1287651328                                {product} {ergonomic}
   size_t MinHeapDeltaBytes                        = 1048576                                   {product} {ergonomic}
    uintx NonNMethodCodeHeapSize                   = 5836300                                {pd product} {ergonomic}
    uintx NonProfiledCodeHeapSize                  = 122910970                              {pd product} {ergonomic}
    uintx ProfiledCodeHeapSize                     = 122910970                              {pd product} {ergonomic}
    uintx ReservedCodeCacheSize                    = 251658240                              {pd product} {ergonomic}
     bool SegmentedCodeCache                       = true                                      {product} {ergonomic}
     bool UseCompressedClassPointers               = true                                 {lp64_product} {ergonomic}
     bool UseCompressedOops                        = true                                 {lp64_product} {ergonomic}
     bool UseG1GC                                  = true                                      {product} {ergonomic}
     bool UseLargePagesIndividualAllocation        = false                                  {pd product} {ergonomic}

Logging:
Log output configuration:
 #0: stdout all=warning uptime,level,tags
 #1: stderr all=off uptime,level,tags

Environment Variables:
PATH=C:\Program Files (x86)\Common Files\Oracle\Java\javapath;C:\Windows\system32;C:\Windows;C:\Windows\System32\Wbem;C:\Windows\System32\WindowsPowerShell\v1.0\;C:\Windows\System32\OpenSSH\;C:\Program Files\Git\cmd;C:\Program Files\PuTTY\;C:\Program Files\Android\Android Studio\jre\;C:\Users\nawan\AppData\Local\Microsoft\WindowsApps;
USERNAME=nawan
OS=Windows_NT
PROCESSOR_IDENTIFIER=Intel64 Family 6 Model 140 Stepping 1, GenuineIntel



---------------  S Y S T E M  ---------------

OS: Windows 10 , 64 bit Build 19041 (10.0.19041.928)
OS uptime: 16 days 23:10 hours

CPU:total 8 (initial active 8) (4 cores per cpu, 2 threads per core) family 6 model 140 stepping 1, cmov, cx8, fxsr, mmx, sse, sse2, sse3, ssse3, sse4.1, sse4.2, popcnt, avx, avx2, aes, clmul, erms, 3dnowpref, lzcnt, ht, tsc, tscinvbit, bmi1, bmi2, adx, evex, sha, fma

Memory: 4k page, system-wide physical 15931M (233M free)
TotalPageFile size 45569M (AvailPageFile size 4M)
current process WorkingSet (physical memory assigned to process): 390M, peak: 391M
current process commit charge ("private bytes"): 481M, peak: 482M

vm_info: OpenJDK 64-Bit Server VM (11.0.8+10-b944.6842174) for windows-amd64 JRE (11.0.8+10-b944.6842174), built on Sep 19 2020 01:11:42 by "builder" with MS VC++ 14.0 (VS2015)

END.
